#
# A fatal error has been detected by the Java Runtime Environment:
#
#  SIGSEGV (0xb) at pc=0x0000000105548e9f, pid=998, tid=15875
#
# JRE version: Java(TM) SE Runtime Environment 18.9 (11.0.8+10) (build 11.0.8+10-LTS)
# Java VM: Java HotSpot(TM) 64-Bit Server VM 18.9 (11.0.8+10-LTS, mixed mode, tiered, compressed oops, parallel gc, bsd-amd64)
# Problematic frame:
# V  [libjvm.dylib+0x548e9f]  _ZNK4Node2inEj+0xf
#
# No core dump will be written. Core dumps have been disabled. To enable core dumping, try "ulimit -c unlimited" before starting Java again
#
# If you would like to submit a bug report, please visit:
#   https://bugreport.java.com/bugreport/crash.jsp
#

---------------  S U M M A R Y ------------

Command Line: --add-modules=ALL-SYSTEM --add-opens=java.base/java.util=ALL-UNNAMED --add-opens=java.base/java.lang=ALL-UNNAMED -Declipse.application=org.eclipse.jdt.ls.core.id1 -Dosgi.bundles.defaultStartLevel=4 -Declipse.product=org.eclipse.jdt.ls.core.product -Dfile.encoding=utf8 -XX:+UseParallelGC -XX:GCTimeRatio=4 -XX:AdaptiveSizePolicyWeight=90 -Dsun.zip.disableMemoryMapping=true -Xmx1G -Xms100m -Xverify:none /Users/saadevops/.vscode/extensions/redhat.java-0.69.0/server/plugins/org.eclipse.equinox.launcher_1.5.800.v20200727-1323.jar -configuration /Users/saadevops/Library/Application Support/Code/User/globalStorage/redhat.java/0.69.0/config_mac -data /Users/saadevops/Library/Application Support/Code/User/workspaceStorage/a5065f54a9ad4f6be772ba072a507f5d/redhat.java/jdt_ws

Host: MacBookPro12,1 x86_64 3100 MHz, 4 cores, 16G, Darwin 19.6.0
Time: Sat Oct 24 19:27:43 2020 +01 elapsed time: 42739 seconds (0d 11h 52m 19s)

---------------  T H R E A D  ---------------

Current thread (0x00007f868d826000):  JavaThread "C2 CompilerThread0" daemon [_thread_in_native, id=15875, stack(0x0000700005bde000,0x0000700005cde000)]


Current CompileTask:
C2:42739366 20317 %s!   4       org.eclipse.debug.core.sourcelookup.containers.ExternalArchiveSourceContainer::searchRoots @ 103 (420 bytes)

Stack: [0x0000700005bde000,0x0000700005cde000],  sp=0x0000700005cda940,  free space=1010k
Native frames: (J=compiled Java code, A=aot compiled Java code, j=interpreted, Vv=VM code, C=native code)
V  [libjvm.dylib+0x548e9f]  _ZNK4Node2inEj+0xf
V  [libjvm.dylib+0x558e16]  _ZNK14PhaseIdealLoop14idom_no_updateEj+0x36
V  [libjvm.dylib+0x558daf]  _ZNK14PhaseIdealLoop4idomEj+0x1f
V  [libjvm.dylib+0x5620e7]  _ZN13IdealLoopTree13check_safeptsER9VectorSetR9Node_List+0x187
V  [libjvm.dylib+0x561f8f]  _ZN13IdealLoopTree13check_safeptsER9VectorSetR9Node_List+0x2f
V  [libjvm.dylib+0x563427]  _ZN14PhaseIdealLoop18build_and_optimizeE12LoopOptsMode+0x3f9
V  [libjvm.dylib+0x22062d]  _ZN7Compile8OptimizeEv+0x585
V  [libjvm.dylib+0x21f3f5]  _ZN7CompileC2EP5ciEnvP10C2CompilerP8ciMethodibbbP12DirectiveSet+0x853
V  [libjvm.dylib+0x19e014]  _ZN10C2Compiler14compile_methodEP5ciEnvP8ciMethodiP12DirectiveSet+0xb6
V  [libjvm.dylib+0x22bfbb]  _ZN13CompileBroker25invoke_compiler_on_methodEP11CompileTask+0x5b9
V  [libjvm.dylib+0x22b883]  _ZN13CompileBroker20compiler_thread_loopEv+0x1ab
V  [libjvm.dylib+0x733412]  _ZN10JavaThread17thread_main_innerEv+0x82
V  [libjvm.dylib+0x73325d]  _ZN10JavaThread3runEv+0x1a3
V  [libjvm.dylib+0x731068]  _ZN6Thread8call_runEv+0x60
V  [libjvm.dylib+0x635e47]  _ZL19thread_native_entryP6Thread+0x139
C  [libsystem_pthread.dylib+0x6109]  _pthread_start+0x94
C  [libsystem_pthread.dylib+0x1b8b]  thread_start+0xf


siginfo: si_signo: 11 (SIGSEGV), si_code: 1 (SEGV_MAPERR), si_addr: 0x0000000000000008

Register to memory mapping:

RAX=0x0 is NULL
RBX=0x00007f868d477048 points into unknown readable memory: 40 ce 90 05 01 00 00 00
RCX=0x0000000000000359 is an unknown value
RDX=0x00007f868e7125b0 points into unknown readable memory: 60 d1 90 05 01 00 00 00
RSP=0x0000700005cda940 is pointing into the stack for thread: 0x00007f868d826000
RBP=0x0000700005cda940 is pointing into the stack for thread: 0x00007f868d826000
RSI=0x0 is NULL
RDI=0x0 is NULL
R8 =0x0000000000000020 is an unknown value
R9 =0xffffffff00000000 is an unknown value
R10=0x0000000105957a68: _ZL8tc_mutex+0x18 in /Library/Java/JavaVirtualMachines/jdk-11.0.8.jdk/Contents/Home/lib/server/libjvm.dylib at 0x0000000105000000
R11=0x0 is NULL
R12=0x00007f869216dc10 points into unknown readable memory: 10 86 16 92 86 7f 00 00
R13=0x0000000000000096 is an unknown value
R14=0x00007f869039c3a0 points into unknown readable memory: 70 db 16 92 86 7f 00 00
R15=0x0000700005cdad60 is pointing into the stack for thread: 0x00007f868d826000


Registers:
RAX=0x0000000000000000, RBX=0x00007f868d477048, RCX=0x0000000000000359, RDX=0x00007f868e7125b0
RSP=0x0000700005cda940, RBP=0x0000700005cda940, RSI=0x0000000000000000, RDI=0x0000000000000000
R8 =0x0000000000000020, R9 =0xffffffff00000000, R10=0x0000000105957a68, R11=0x0000000000000000
R12=0x00007f869216dc10, R13=0x0000000000000096, R14=0x00007f869039c3a0, R15=0x0000700005cdad60
RIP=0x0000000105548e9f, EFLAGS=0x0000000000010246, ERR=0x0000000000000004
  TRAPNO=0x000000000000000e

Top of Stack: (sp=0x0000700005cda940)
0x0000700005cda940:   0000700005cda970 0000000105558e16
0x0000700005cda950:   0000700005cdae00 0000000000000000
0x0000700005cda960:   0000035905cda990 0000700005cdae00
0x0000700005cda970:   0000700005cda9a0 0000000105558daf
0x0000700005cda980:   0000700005cdae00 0000700005cdae00
0x0000700005cda990:   000003598e7125b0 0000700005cdae00
0x0000700005cda9a0:   0000700005cda9f0 00000001055620e7
0x0000700005cda9b0:   0000000000000080 0000700005cdaa50
0x0000700005cda9c0:   0000000000000000 0000700005cdaa50
0x0000700005cda9d0:   00007f8692168610 0000700005cdae20
0x0000700005cda9e0:   0000000000000003 0000700005cdad60
0x0000700005cda9f0:   0000700005cdaa40 0000000105561f8f
0x0000700005cdaa00:   00007f8692008210 00007f868cf13cc0
0x0000700005cdaa10:   0000000000000020 0000000000000079
0x0000700005cdaa20:   0000700005cdae10 0000700005cdae20
0x0000700005cdaa30:   0000000000000003 0000700005cdae00
0x0000700005cdaa40:   0000700005cdadf0 0000000105563427
0x0000700005cdaa50:   00007f868cf13cc0 0000000000000004
0x0000700005cdaa60:   00007f86921093a0 00007fff00000000
0x0000700005cdaa70:   0000000000000000 0000700005cdab08
0x0000700005cdaa80:   0000000000007fe8 000000000000000d
0x0000700005cdaa90:   0000700005cdaab0 00007fff739d3cf5
0x0000700005cdaaa0:   0000000000000000 0000700005cdab08
0x0000700005cdaab0:   0000700005cdaaf0 0000000105632486
0x0000700005cdaac0:   0000000000000000 0000000105954d24
0x0000700005cdaad0:   0000000000000000 00007f8691d18848
0x0000700005cdaae0:   00007f8691d20800 0000000105954d24
0x0000700005cdaaf0:   0000700005cdab50 00000001050e831b
0x0000700005cdab00:   0000700005cdab30 0000000000000000
0x0000700005cdab10:   0000000000000000 0000000000000000
0x0000700005cdab20:   0000000000000000 0000000000009000
0x0000700005cdab30:   f68e800070001003 000000000000ffff 

Instructions: (pc=0x0000000105548e9f)
0x0000000105548e7f:   83 c4 30 5d c3 66 66 66 2e 0f 1f 84 00 00 00 00
0x0000000105548e8f:   00 55 48 89 e5 48 89 7d f8 89 75 f4 48 8b 7d f8
0x0000000105548e9f:   48 8b 7f 08 8b 75 f4 89 f0 48 8b 04 c7 5d c3 66
0x0000000105548eaf:   90 55 48 89 e5 48 83 ec 20 48 89 7d f8 48 8b 7d 

Stack slot to memory mapping:
stack at sp + 0 slots: 0x0000700005cda970 is pointing into the stack for thread: 0x00007f868d826000
stack at sp + 1 slots: 0x0000000105558e16: _ZNK14PhaseIdealLoop14idom_no_updateEj+0x36 in /Library/Java/JavaVirtualMachines/jdk-11.0.8.jdk/Contents/Home/lib/server/libjvm.dylib at 0x0000000105000000
stack at sp + 2 slots: 0x0000700005cdae00 is pointing into the stack for thread: 0x00007f868d826000
stack at sp + 3 slots: 0x0 is NULL
stack at sp + 4 slots: 0x0000035905cda990 is an unknown value
stack at sp + 5 slots: 0x0000700005cdae00 is pointing into the stack for thread: 0x00007f868d826000
stack at sp + 6 slots: 0x0000700005cda9a0 is pointing into the stack for thread: 0x00007f868d826000
stack at sp + 7 slots: 0x0000000105558daf: _ZNK14PhaseIdealLoop4idomEj+0x1f in /Library/Java/JavaVirtualMachines/jdk-11.0.8.jdk/Contents/Home/lib/server/libjvm.dylib at 0x0000000105000000


---------------  P R O C E S S  ---------------

Threads class SMR info:
_java_thread_list=0x00007f8690ba12c0, length=32, elements={
0x00007f868e009000, 0x00007f868d036000, 0x00007f868f01b000, 0x00007f868e02d000,
0x00007f868d826000, 0x00007f868e02e000, 0x00007f868d039000, 0x00007f868f0be800,
0x00007f868f0e9800, 0x00007f868e0f3800, 0x00007f868f16a800, 0x00007f868d939800,
0x00007f868dae7000, 0x00007f868f09c800, 0x00007f868db9f000, 0x00007f868da8e800,
0x00007f868da83000, 0x00007f868d9d4800, 0x00007f868dd30800, 0x00007f869598f000,
0x00007f868db31800, 0x00007f8695d40800, 0x00007f8695d41800, 0x00007f868dc43800,
0x00007f868e4a0800, 0x00007f868dd05000, 0x00007f868e778000, 0x00007f868da6a800,
0x00007f869269a000, 0x00007f86965ce800, 0x00007f869269b800, 0x00007f868d4a3000
}

Java Threads: ( => current thread )
  0x00007f868e009000 JavaThread "main" [_thread_blocked, id=9987, stack(0x00007000054c6000,0x00007000055c6000)]
  0x00007f868d036000 JavaThread "Reference Handler" daemon [_thread_blocked, id=12803, stack(0x00007000057cf000,0x00007000058cf000)]
  0x00007f868f01b000 JavaThread "Finalizer" daemon [_thread_blocked, id=13059, stack(0x00007000058d2000,0x00007000059d2000)]
  0x00007f868e02d000 JavaThread "Signal Dispatcher" daemon [_thread_blocked, id=15363, stack(0x0000700005adb000,0x0000700005bdb000)]
=>0x00007f868d826000 JavaThread "C2 CompilerThread0" daemon [_thread_in_native, id=15875, stack(0x0000700005bde000,0x0000700005cde000)]
  0x00007f868e02e000 JavaThread "C1 CompilerThread0" daemon [_thread_blocked, id=18179, stack(0x0000700005ce1000,0x0000700005de1000)]
  0x00007f868d039000 JavaThread "Sweeper thread" daemon [_thread_blocked, id=17411, stack(0x0000700005de4000,0x0000700005ee4000)]
  0x00007f868f0be800 JavaThread "Common-Cleaner" daemon [_thread_blocked, id=16643, stack(0x0000700005ee7000,0x0000700005fe7000)]
  0x00007f868f0e9800 JavaThread "Service Thread" daemon [_thread_blocked, id=22019, stack(0x0000700005fea000,0x00007000060ea000)]
  0x00007f868e0f3800 JavaThread "process reaper" daemon [_thread_in_native, id=42503, stack(0x00007000061f0000,0x0000700006214000)]
  0x00007f868f16a800 JavaThread "Active Thread: Equinox Container: ddb294b8-f99a-447b-8ed7-aee8506db3da" [_thread_blocked, id=42243, stack(0x000070000631a000,0x000070000641a000)]
  0x00007f868d939800 JavaThread "Framework Event Dispatcher: Equinox Container: ddb294b8-f99a-447b-8ed7-aee8506db3da" daemon [_thread_blocked, id=23303, stack(0x0000700006217000,0x0000700006317000)]
  0x00007f868dae7000 JavaThread "Start Level: Equinox Container: ddb294b8-f99a-447b-8ed7-aee8506db3da" daemon [_thread_blocked, id=41475, stack(0x000070000641d000,0x000070000651d000)]
  0x00007f868f09c800 JavaThread "SCR Component Actor" daemon [_thread_blocked, id=26627, stack(0x0000700006520000,0x0000700006620000)]
  0x00007f868db9f000 JavaThread "Worker-JM" [_thread_blocked, id=86019, stack(0x0000700006a2f000,0x0000700006b2f000)]
  0x00007f868da8e800 JavaThread "Java indexing" daemon [_thread_blocked, id=46083, stack(0x0000700006e3b000,0x0000700006f3b000)]
  0x00007f868da83000 JavaThread "pool-2-thread-1" [_thread_blocked, id=46851, stack(0x0000700006f3e000,0x000070000703e000)]
  0x00007f868d9d4800 JavaThread "pool-1-thread-1" [_thread_in_native, id=47363, stack(0x0000700007041000,0x0000700007141000)]
  0x00007f868dd30800 JavaThread "Bundle File Closer" daemon [_thread_blocked, id=49155, stack(0x0000700007550000,0x0000700007650000)]
  0x00007f869598f000 JavaThread "Java Debug Server" daemon [_thread_in_native, id=37651, stack(0x0000700006b32000,0x0000700006c32000)]
  0x00007f868db31800 JavaThread "pool-3-thread-1" [_thread_in_native, id=50435, stack(0x0000700007859000,0x0000700007959000)]
  0x00007f8695d40800 JavaThread "RxSchedulerPurge-1" daemon [_thread_blocked, id=50947, stack(0x000070000795c000,0x0000700007a5c000)]
  0x00007f8695d41800 JavaThread "RxCachedWorkerPoolEvictor-1" daemon [_thread_blocked, id=51459, stack(0x0000700007a5f000,0x0000700007b5f000)]
  0x00007f868dc43800 JavaThread "Worker-19" [_thread_blocked, id=45355, stack(0x000070000734a000,0x000070000744a000)]
  0x00007f868e4a0800 JavaThread "Worker-20" [_thread_blocked, id=52407, stack(0x000070000692c000,0x0000700006a2c000)]
  0x00007f868dd05000 JavaThread "ForkJoinPool.commonPool-worker-3" daemon [_thread_blocked, id=83235, stack(0x0000700007144000,0x0000700007244000)]
  0x00007f868e778000 JavaThread "RxNewThreadScheduler-5" daemon [_thread_blocked, id=81419, stack(0x000070000744d000,0x000070000754d000)]
  0x00007f868da6a800 JavaThread "Thread-5" daemon [_thread_blocked, id=80907, stack(0x0000700007653000,0x0000700007753000)]
  0x00007f869269a000 JavaThread "Debuggee Stdout Handler" daemon [_thread_in_native, id=80139, stack(0x0000700007756000,0x0000700007856000)]
  0x00007f86965ce800 JavaThread "Debuggee Stderr Handler" daemon [_thread_in_native, id=54027, stack(0x0000700007b62000,0x0000700007c62000)]
  0x00007f869269b800 JavaThread "RxNewThreadScheduler-6" daemon [_thread_blocked, id=80395, stack(0x0000700007c65000,0x0000700007d65000)]
  0x00007f868d4a3000 JavaThread "process reaper" daemon [_thread_blocked, id=48927, stack(0x00007000059d5000,0x00007000059f9000)]

Other Threads:
  0x00007f868d81a800 VMThread "VM Thread" [stack: 0x00007000056cc000,0x00007000057cc000] [id=12291]
  0x00007f868f0ea800 WatcherThread [stack: 0x00007000060ed000,0x00007000061ed000] [id=22275]
  0x00007f868e00c800 GCTaskThread "ParGC Thread#0" [stack: 0x00007000055c9000,0x00007000056c9000] [id=11011]
  0x00007f868f0bc000 GCTaskThread "ParGC Thread#1" [stack: 0x0000700006623000,0x0000700006723000] [id=37123]
  0x00007f868d3e1800 GCTaskThread "ParGC Thread#2" [stack: 0x0000700006726000,0x0000700006826000] [id=36611]
  0x00007f868e365000 GCTaskThread "ParGC Thread#3" [stack: 0x0000700006829000,0x0000700006929000] [id=26883]

Threads with active compile tasks:
C2 CompilerThread042739391 20317 %s!   4       org.eclipse.debug.core.sourcelookup.containers.ExternalArchiveSourceContainer::searchRoots @ 103 (420 bytes)

VM state:at safepoint (normal execution)

VM Mutex/Monitor currently owned by a thread:  ([mutex/lock_event])
[0x00007f868cf087a0] Threads_lock - owner thread: 0x00007f868d81a800
[0x00007f868cf08ea0] Heap_lock - owner thread: 0x00007f869269b800

Heap address: 0x00000007c0000000, size: 1024 MB, Compressed Oops mode: Zero based, Oop shift amount: 3
Narrow klass base: 0x0000000800000000, Narrow klass shift: 0
Compressed class space size: 1073741824 Address: 0x0000000800000000

Heap:
 PSYoungGen      total 5120K, used 4800K [0x00000007eab00000, 0x00000007eb500000, 0x0000000800000000)
  eden space 4608K, 100% used [0x00000007eab00000,0x00000007eaf80000,0x00000007eaf80000)
  from space 512K, 37% used [0x00000007eb400000,0x00000007eb430000,0x00000007eb480000)
  to   space 512K, 12% used [0x00000007eb480000,0x00000007eb490000,0x00000007eb500000)
 ParOldGen       total 159232K, used 155596K [0x00000007c0000000, 0x00000007c9b80000, 0x00000007eab00000)
  object space 159232K, 97% used [0x00000007c0000000,0x00000007c97f3018,0x00000007c9b80000)
 Metaspace       used 77470K, capacity 80578K, committed 81240K, reserved 1122304K
  class space    used 6973K, capacity 8187K, committed 8320K, reserved 1048576K

Card table byte_map: [0x000000010e38f000,0x000000010e590000] _byte_map_base: 0x000000010a58f000

Marking Bits: (ParMarkBitMap*) 0x000000010598e500
 Begin Bits: [0x000000010e6e6000, 0x000000010f6e6000)
 End Bits:   [0x000000010f6e6000, 0x00000001106e6000)

Polling page: 0x000000010474b000

Metaspace:

Usage:
  Non-class:     70.69 MB capacity,    68.84 MB ( 97%) used,     1.68 MB (  2%) free+waste,   169.94 KB ( <1%) overhead. 
      Class:      8.00 MB capacity,     6.81 MB ( 85%) used,     1.12 MB ( 14%) free+waste,    70.12 KB ( <1%) overhead. 
       Both:     78.69 MB capacity,    75.65 MB ( 96%) used,     2.80 MB (  4%) free+waste,   240.06 KB ( <1%) overhead. 

Virtual space:
  Non-class space:       72.00 MB reserved,      71.21 MB ( 99%) committed 
      Class space:        1.00 GB reserved,       8.12 MB ( <1%) committed 
             Both:        1.07 GB reserved,      79.34 MB (  7%) committed 

Chunk freelists:
   Non-Class:  53.12 KB
       Class:  12.62 KB
        Both:  65.75 KB

CodeHeap 'non-profiled nmethods': size=120032Kb used=11921Kb max_used=11921Kb free=108110Kb
 bounds [0x000000011aaac000, 0x000000011b65c000, 0x0000000121fe4000]
CodeHeap 'profiled nmethods': size=120032Kb used=35335Kb max_used=36939Kb free=84696Kb
 bounds [0x0000000113574000, 0x00000001159d4000, 0x000000011aaac000]
CodeHeap 'non-nmethods': size=5696Kb used=1294Kb max_used=1372Kb free=4402Kb
 bounds [0x0000000112fe4000, 0x0000000113254000, 0x0000000113574000]
 total_blobs=15010 nmethods=14317 adapters=603
 compilation: enabled
              stopped_count=0, restarted_count=0
 full_count=0

Compilation events (10 events):
Event: 42739.312 Thread 0x00007f868e02e000 nmethod 20313 0x0000000113b53e90 code [0x0000000113b54060, 0x0000000113b54438]
Event: 42739.330 Thread 0x00007f868e02e000 20314       3       com.microsoft.java.debug.plugin.internal.JdtUtils$$Lambda$558/0x0000000800289440::test (8 bytes)
Event: 42739.330 Thread 0x00007f868e02e000 nmethod 20314 0x0000000113b6a410 code [0x0000000113b6a620, 0x0000000113b6ac88]
Event: 42739.330 Thread 0x00007f868e02e000 20315       3       com.microsoft.java.debug.plugin.internal.JdtUtils::lambda$3 (34 bytes)
Event: 42739.331 Thread 0x00007f868e02e000 nmethod 20315 0x0000000113b69b90 code [0x0000000113b69d80, 0x0000000113b6a268]
Event: 42739.331 Thread 0x00007f868e02e000 20316       1       org.eclipse.jdt.launching.AbstractVMInstall::getInstallLocation (5 bytes)
Event: 42739.331 Thread 0x00007f868e02e000 nmethod 20316 0x000000011b653c90 code [0x000000011b653e20, 0x000000011b653f30]
Event: 42739.332 Thread 0x00007f868d826000 20317 %s!   4       org.eclipse.debug.core.sourcelookup.containers.ExternalArchiveSourceContainer::searchRoots @ 103 (420 bytes)
Event: 42739.335 Thread 0x00007f868e02e000 20318       3       java.net.URI$Parser::scan (23 bytes)
Event: 42739.336 Thread 0x00007f868e02e000 nmethod 20318 0x0000000113b68f90 code [0x0000000113b691a0, 0x0000000113b69878]

GC Heap History (10 events):
Event: 42429.962 GC heap before
{Heap before GC invocations=1118 (full 29):
 PSYoungGen      total 8192K, used 4832K [0x00000007eab00000, 0x00000007eb600000, 0x0000000800000000)
  eden space 4608K, 100% used [0x00000007eab00000,0x00000007eaf80000,0x00000007eaf80000)
  from space 3584K, 6% used [0x00000007eb080000,0x00000007eb0b8000,0x00000007eb400000)
  to   space 1536K, 0% used [0x00000007eb480000,0x00000007eb480000,0x00000007eb600000)
 ParOldGen       total 159232K, used 155136K [0x00000007c0000000, 0x00000007c9b80000, 0x00000007eab00000)
  object space 159232K, 97% used [0x00000007c0000000,0x00000007c97802b8,0x00000007c9b80000)
 Metaspace       used 77466K, capacity 80578K, committed 81240K, reserved 1122304K
  class space    used 6973K, capacity 8187K, committed 8320K, reserved 1048576K
}
Event: 42429.963 GC heap after
{Heap after GC invocations=1118 (full 29):
 PSYoungGen      total 5120K, used 128K [0x00000007eab00000, 0x00000007eb500000, 0x0000000800000000)
  eden space 4608K, 0% used [0x00000007eab00000,0x00000007eab00000,0x00000007eaf80000)
  from space 512K, 25% used [0x00000007eb480000,0x00000007eb4a0000,0x00000007eb500000)
  to   space 512K, 0% used [0x00000007eb400000,0x00000007eb400000,0x00000007eb480000)
 ParOldGen       total 159232K, used 155176K [0x00000007c0000000, 0x00000007c9b80000, 0x00000007eab00000)
  object space 159232K, 97% used [0x00000007c0000000,0x00000007c978a2b8,0x00000007c9b80000)
 Metaspace       used 77466K, capacity 80578K, committed 81240K, reserved 1122304K
  class space    used 6973K, capacity 8187K, committed 8320K, reserved 1048576K
}
Event: 42429.985 GC heap before
{Heap before GC invocations=1119 (full 29):
 PSYoungGen      total 5120K, used 4736K [0x00000007eab00000, 0x00000007eb500000, 0x0000000800000000)
  eden space 4608K, 100% used [0x00000007eab00000,0x00000007eaf80000,0x00000007eaf80000)
  from space 512K, 25% used [0x00000007eb480000,0x00000007eb4a0000,0x00000007eb500000)
  to   space 512K, 0% used [0x00000007eb400000,0x00000007eb400000,0x00000007eb480000)
 ParOldGen       total 159232K, used 155176K [0x00000007c0000000, 0x00000007c9b80000, 0x00000007eab00000)
  object space 159232K, 97% used [0x00000007c0000000,0x00000007c978a2b8,0x00000007c9b80000)
 Metaspace       used 77467K, capacity 80578K, committed 81240K, reserved 1122304K
  class space    used 6973K, capacity 8187K, committed 8320K, reserved 1048576K
}
Event: 42429.989 GC heap after
{Heap after GC invocations=1119 (full 29):
 PSYoungGen      total 5120K, used 160K [0x00000007eab00000, 0x00000007eb500000, 0x0000000800000000)
  eden space 4608K, 0% used [0x00000007eab00000,0x00000007eab00000,0x00000007eaf80000)
  from space 512K, 31% used [0x00000007eb400000,0x00000007eb428000,0x00000007eb480000)
  to   space 512K, 0% used [0x00000007eb480000,0x00000007eb480000,0x00000007eb500000)
 ParOldGen       total 159232K, used 155200K [0x00000007c0000000, 0x00000007c9b80000, 0x00000007eab00000)
  object space 159232K, 97% used [0x00000007c0000000,0x00000007c97902b8,0x00000007c9b80000)
 Metaspace       used 77467K, capacity 80578K, committed 81240K, reserved 1122304K
  class space    used 6973K, capacity 8187K, committed 8320K, reserved 1048576K
}
Event: 42430.007 GC heap before
{Heap before GC invocations=1120 (full 29):
 PSYoungGen      total 5120K, used 4768K [0x00000007eab00000, 0x00000007eb500000, 0x0000000800000000)
  eden space 4608K, 100% used [0x00000007eab00000,0x00000007eaf80000,0x00000007eaf80000)
  from space 512K, 31% used [0x00000007eb400000,0x00000007eb428000,0x00000007eb480000)
  to   space 512K, 0% used [0x00000007eb480000,0x00000007eb480000,0x00000007eb500000)
 ParOldGen       total 159232K, used 155200K [0x00000007c0000000, 0x00000007c9b80000, 0x00000007eab00000)
  object space 159232K, 97% used [0x00000007c0000000,0x00000007c97902b8,0x00000007c9b80000)
 Metaspace       used 77467K, capacity 80578K, committed 81240K, reserved 1122304K
  class space    used 6973K, capacity 8187K, committed 8320K, reserved 1048576K
}
Event: 42430.010 GC heap after
{Heap after GC invocations=1120 (full 29):
 PSYoungGen      total 5120K, used 96K [0x00000007eab00000, 0x00000007eb500000, 0x0000000800000000)
  eden space 4608K, 0% used [0x00000007eab00000,0x00000007eab00000,0x00000007eaf80000)
  from space 512K, 18% used [0x00000007eb480000,0x00000007eb498000,0x00000007eb500000)
  to   space 512K, 0% used [0x00000007eb400000,0x00000007eb400000,0x00000007eb480000)
 ParOldGen       total 159232K, used 155303K [0x00000007c0000000, 0x00000007c9b80000, 0x00000007eab00000)
  object space 159232K, 97% used [0x00000007c0000000,0x00000007c97a9ff8,0x00000007c9b80000)
 Metaspace       used 77467K, capacity 80578K, committed 81240K, reserved 1122304K
  class space    used 6973K, capacity 8187K, committed 8320K, reserved 1048576K
}
Event: 42739.304 GC heap before
{Heap before GC invocations=1121 (full 29):
 PSYoungGen      total 5120K, used 4704K [0x00000007eab00000, 0x00000007eb500000, 0x0000000800000000)
  eden space 4608K, 100% used [0x00000007eab00000,0x00000007eaf80000,0x00000007eaf80000)
  from space 512K, 18% used [0x00000007eb480000,0x00000007eb498000,0x00000007eb500000)
  to   space 512K, 0% used [0x00000007eb400000,0x00000007eb400000,0x00000007eb480000)
 ParOldGen       total 159232K, used 155303K [0x00000007c0000000, 0x00000007c9b80000, 0x00000007eab00000)
  object space 159232K, 97% used [0x00000007c0000000,0x00000007c97a9ff8,0x00000007c9b80000)
 Metaspace       used 77467K, capacity 80578K, committed 81240K, reserved 1122304K
  class space    used 6973K, capacity 8187K, committed 8320K, reserved 1048576K
}
Event: 42739.305 GC heap after
{Heap after GC invocations=1121 (full 29):
 PSYoungGen      total 5120K, used 192K [0x00000007eab00000, 0x00000007eb500000, 0x0000000800000000)
  eden space 4608K, 0% used [0x00000007eab00000,0x00000007eab00000,0x00000007eaf80000)
  from space 512K, 37% used [0x00000007eb400000,0x00000007eb430010,0x00000007eb480000)
  to   space 512K, 0% used [0x00000007eb480000,0x00000007eb480000,0x00000007eb500000)
 ParOldGen       total 159232K, used 155311K [0x00000007c0000000, 0x00000007c9b80000, 0x00000007eab00000)
  object space 159232K, 97% used [0x00000007c0000000,0x00000007c97abff8,0x00000007c9b80000)
 Metaspace       used 77467K, capacity 80578K, committed 81240K, reserved 1122304K
  class space    used 6973K, capacity 8187K, committed 8320K, reserved 1048576K
}
Event: 42739.327 GC heap before
{Heap before GC invocations=1122 (full 29):
 PSYoungGen      total 5120K, used 4800K [0x00000007eab00000, 0x00000007eb500000, 0x0000000800000000)
  eden space 4608K, 100% used [0x00000007eab00000,0x00000007eaf80000,0x00000007eaf80000)
  from space 512K, 37% used [0x00000007eb400000,0x00000007eb430010,0x00000007eb480000)
  to   space 512K, 0% used [0x00000007eb480000,0x00000007eb480000,0x00000007eb500000)
 ParOldGen       total 159232K, used 155311K [0x00000007c0000000, 0x00000007c9b80000, 0x00000007eab00000)
  object space 159232K, 97% used [0x00000007c0000000,0x00000007c97abff8,0x00000007c9b80000)
 Metaspace       used 77468K, capacity 80578K, committed 81240K, reserved 1122304K
  class space    used 6973K, capacity 8187K, committed 8320K, reserved 1048576K
}
Event: 42739.328 GC heap after
{Heap after GC invocations=1122 (full 29):
 PSYoungGen      total 5120K, used 160K [0x00000007eab00000, 0x00000007eb500000, 0x0000000800000000)
  eden space 4608K, 0% used [0x00000007eab00000,0x00000007eab00000,0x00000007eaf80000)
  from space 512K, 31% used [0x00000007eb480000,0x00000007eb4a8000,0x00000007eb500000)
  to   space 512K, 0% used [0x00000007eb400000,0x00000007eb400000,0x00000007eb480000)
 ParOldGen       total 159232K, used 155436K [0x00000007c0000000, 0x00000007c9b80000, 0x00000007eab00000)
  object space 159232K, 97% used [0x00000007c0000000,0x00000007c97cb018,0x00000007c9b80000)
 Metaspace       used 77468K, capacity 80578K, committed 81240K, reserved 1122304K
  class space    used 6973K, capacity 8187K, committed 8320K, reserved 1048576K
}

Deoptimization events (10 events):
Event: 42373.805 Thread 0x00007f869276d000 Uncommon trap: reason=bimorphic_or_optimized_type_check action=maybe_recompile pc=0x000000011b59e508 method=org.eclipse.jdt.internal.compiler.lookup.ParameterizedTypeBinding.isEquivalentTo(Lorg/eclipse/jdt/internal/compiler/lookup/TypeBinding;)Z @ 17 c2
Event: 42373.805 Thread 0x00007f869276d000 Uncommon trap: reason=bimorphic_or_optimized_type_check action=maybe_recompile pc=0x000000011b59e508 method=org.eclipse.jdt.internal.compiler.lookup.ParameterizedTypeBinding.isEquivalentTo(Lorg/eclipse/jdt/internal/compiler/lookup/TypeBinding;)Z @ 17 c2
Event: 42373.817 Thread 0x00007f869276d000 Uncommon trap: reason=null_check action=make_not_entrant pc=0x000000011b532288 method=org.eclipse.jdt.core.dom.DefaultBindingResolver.resolveVariable(Lorg/eclipse/jdt/core/dom/VariableDeclaration;)Lorg/eclipse/jdt/core/dom/IVariableBinding; @ 12 c2
Event: 42373.822 Thread 0x00007f869276d000 Uncommon trap: reason=unstable_if action=reinterpret pc=0x000000011b5e48f8 method=org.eclipse.jdt.internal.compiler.parser.Parser.checkNonNLSAfterBodyEnd(I)V @ 10 c2
Event: 42373.959 Thread 0x00007f869276d000 Uncommon trap: reason=class_check action=maybe_recompile pc=0x000000011b2aa2b0 method=org.eclipse.jdt.internal.compiler.ast.AbstractMethodDeclaration.bindArguments()V @ 122 c2
Event: 42406.901 Thread 0x00007f869276d000 Uncommon trap: reason=class_check action=maybe_recompile pc=0x000000011b2aa2b0 method=org.eclipse.jdt.internal.compiler.ast.AbstractMethodDeclaration.bindArguments()V @ 122 c2
Event: 42406.909 Thread 0x00007f869276d000 Uncommon trap: reason=class_check action=maybe_recompile pc=0x000000011b2aa2b0 method=org.eclipse.jdt.internal.compiler.ast.AbstractMethodDeclaration.bindArguments()V @ 122 c2
Event: 42407.219 Thread 0x00007f869276d000 Uncommon trap: reason=class_check action=maybe_recompile pc=0x000000011b2aa2b0 method=org.eclipse.jdt.internal.compiler.ast.AbstractMethodDeclaration.bindArguments()V @ 122 c2
Event: 42411.312 Thread 0x00007f869276d000 Uncommon trap: reason=bimorphic_or_optimized_type_check action=maybe_recompile pc=0x000000011b2de5c4 method=org.eclipse.jdt.internal.compiler.lookup.ParameterizedTypeBinding.isEquivalentTo(Lorg/eclipse/jdt/internal/compiler/lookup/TypeBinding;)Z @ 17 c2
Event: 42411.407 Thread 0x00007f869276d000 Uncommon trap: reason=speculate_null_assert action=make_not_entrant pc=0x000000011b58e76c method=org.eclipse.jdt.internal.core.dom.rewrite.ASTRewriteAnalyzer.preVisit(Lorg/eclipse/jdt/core/dom/ASTNode;)V @ 28 c2

Classes redefined (0 events):
No events

Internal exceptions (10 events):
Event: 42739.341 Thread 0x00007f869269b800 Exception <a 'sun/nio/fs/UnixException'{0x00000007eadbe598}> (0x00000007eadbe598) thrown at [./open/src/hotspot/share/prims/jni.cpp, line 611]
Event: 42739.341 Thread 0x00007f869269b800 Exception <a 'sun/nio/fs/UnixException'{0x00000007eadbfef8}> (0x00000007eadbfef8) thrown at [./open/src/hotspot/share/prims/jni.cpp, line 611]
Event: 42739.342 Thread 0x00007f869269b800 Exception <a 'sun/nio/fs/UnixException'{0x00000007eae15e40}> (0x00000007eae15e40) thrown at [./open/src/hotspot/share/prims/jni.cpp, line 611]
Event: 42739.343 Thread 0x00007f869269b800 Exception <a 'sun/nio/fs/UnixException'{0x00000007eae178c0}> (0x00000007eae178c0) thrown at [./open/src/hotspot/share/prims/jni.cpp, line 611]
Event: 42739.344 Thread 0x00007f869269b800 Exception <a 'sun/nio/fs/UnixException'{0x00000007eae62418}> (0x00000007eae62418) thrown at [./open/src/hotspot/share/prims/jni.cpp, line 611]
Event: 42739.344 Thread 0x00007f869269b800 Exception <a 'sun/nio/fs/UnixException'{0x00000007eae63b30}> (0x00000007eae63b30) thrown at [./open/src/hotspot/share/prims/jni.cpp, line 611]
Event: 42739.348 Thread 0x00007f869269b800 Exception <a 'sun/nio/fs/UnixException'{0x00000007eaebee90}> (0x00000007eaebee90) thrown at [./open/src/hotspot/share/prims/jni.cpp, line 611]
Event: 42739.348 Thread 0x00007f869269b800 Exception <a 'sun/nio/fs/UnixException'{0x00000007eaec0898}> (0x00000007eaec0898) thrown at [./open/src/hotspot/share/prims/jni.cpp, line 611]
Event: 42739.350 Thread 0x00007f869269b800 Exception <a 'sun/nio/fs/UnixException'{0x00000007eaf2ddf8}> (0x00000007eaf2ddf8) thrown at [./open/src/hotspot/share/prims/jni.cpp, line 611]
Event: 42739.350 Thread 0x00007f869269b800 Exception <a 'sun/nio/fs/UnixException'{0x00000007eaf2fcc0}> (0x00000007eaf2fcc0) thrown at [./open/src/hotspot/share/prims/jni.cpp, line 611]

Events (10 events):
Event: 42738.831 Thread 0x00007f868d039000 flushing nmethod 0x0000000114157c10
Event: 42738.832 Thread 0x00007f868d039000 flushing nmethod 0x000000011420ee10
Event: 42738.833 Thread 0x00007f868d039000 flushing nmethod 0x0000000114392f10
Event: 42738.837 Thread 0x00007f868d039000 flushing nmethod 0x00000001149ae190
Event: 42738.838 Thread 0x00007f868d039000 flushing nmethod 0x0000000114ab2090
Event: 42738.842 Thread 0x00007f868d039000 flushing nmethod 0x00000001151ee790
Event: 42739.304 Executing VM operation: ParallelGCFailedAllocation
Event: 42739.305 Executing VM operation: ParallelGCFailedAllocation done
Event: 42739.327 Executing VM operation: ParallelGCFailedAllocation
Event: 42739.328 Executing VM operation: ParallelGCFailedAllocation done


Dynamic libraries:
0x00007fff3885e000 	/System/Library/Frameworks/Cocoa.framework/Versions/A/Cocoa
0x00007fff46057000 	/System/Library/Frameworks/Security.framework/Versions/A/Security
0x00007fff377c3000 	/System/Library/Frameworks/ApplicationServices.framework/Versions/A/ApplicationServices
0x00007fff72d3e000 	/usr/lib/libz.1.dylib
0x00000001046dd000 	/Library/Java/JavaVirtualMachines/jdk-11.0.8.jdk/Contents/Home/lib/jli/libjli.dylib
0x00007fff70802000 	/usr/lib/libSystem.B.dylib
0x00007fff369b3000 	/System/Library/Frameworks/AppKit.framework/Versions/C/AppKit
0x00007fff391e2000 	/System/Library/Frameworks/CoreData.framework/Versions/A/CoreData
0x00007fff3bdbd000 	/System/Library/Frameworks/Foundation.framework/Versions/C/Foundation
0x00007fff6a817000 	/System/Library/PrivateFrameworks/UIFoundation.framework/Versions/A/UIFoundation
0x00007fff658ab000 	/System/Library/PrivateFrameworks/RemoteViewServices.framework/Versions/A/RemoteViewServices
0x00007fff6d372000 	/System/Library/PrivateFrameworks/XCTTargetBootstrap.framework/Versions/A/XCTTargetBootstrap
0x00007fff395cd000 	/System/Library/Frameworks/CoreDisplay.framework/Versions/A/CoreDisplay
0x00007fff3ec78000 	/System/Library/Frameworks/Metal.framework/Versions/A/Metal
0x00007fff53870000 	/System/Library/PrivateFrameworks/DesktopServicesPriv.framework/Versions/A/DesktopServicesPriv
0x00007fff7193d000 	/usr/lib/liblangid.dylib
0x00007fff52b05000 	/System/Library/PrivateFrameworks/CoreSVG.framework/Versions/A/CoreSVG
0x00007fff68a07000 	/System/Library/PrivateFrameworks/SkyLight.framework/Versions/A/SkyLight
0x00007fff39b81000 	/System/Library/Frameworks/CoreGraphics.framework/Versions/A/CoreGraphics
0x00007fff35387000 	/System/Library/Frameworks/Accelerate.framework/Versions/A/Accelerate
0x00007fff72c2f000 	/usr/lib/libxml2.2.dylib
0x00007fff5e80e000 	/System/Library/PrivateFrameworks/IconServices.framework/Versions/A/IconServices
0x00007fff3c59c000 	/System/Library/Frameworks/IOSurface.framework/Versions/A/IOSurface
0x00007fff7032c000 	/usr/lib/libDiagnosticMessagesClient.dylib
0x00007fff536ca000 	/System/Library/PrivateFrameworks/DFRFoundation.framework/Versions/A/DFRFoundation
0x00007fff716cc000 	/usr/lib/libicucore.A.dylib
0x00007fff37af5000 	/System/Library/Frameworks/AudioToolbox.framework/Versions/A/AudioToolbox
0x00007fff37bd8000 	/System/Library/Frameworks/AudioUnit.framework/Versions/A/AudioUnit
0x00007fff70a04000 	/usr/lib/libauto.dylib
0x00007fff5376c000 	/System/Library/PrivateFrameworks/DataDetectorsCore.framework/Versions/A/DataDetectorsCore
0x00007fff3837f000 	/System/Library/Frameworks/Carbon.framework/Versions/A/Frameworks/HIToolbox.framework/Versions/A/HIToolbox
0x00007fff45251000 	/System/Library/Frameworks/QuartzCore.framework/Versions/A/QuartzCore
0x00007fff386be000 	/System/Library/Frameworks/Carbon.framework/Versions/A/Frameworks/SpeechRecognition.framework/Versions/A/SpeechRecognition
0x00007fff531de000 	/System/Library/PrivateFrameworks/CoreUI.framework/Versions/A/CoreUI
0x00007fff38c4d000 	/System/Library/Frameworks/CoreAudio.framework/Versions/A/CoreAudio
0x00007fff3ba7c000 	/System/Library/Frameworks/DiskArbitration.framework/Versions/A/DiskArbitration
0x00007fff60886000 	/System/Library/PrivateFrameworks/MultitouchSupport.framework/Versions/A/MultitouchSupport
0x00007fff71593000 	/usr/lib/libenergytrace.dylib
0x00007fff3c4f6000 	/System/Library/Frameworks/IOKit.framework/Versions/A/IOKit
0x00007fff3aae8000 	/System/Library/Frameworks/CoreServices.framework/Versions/A/CoreServices
0x00007fff62a3e000 	/System/Library/PrivateFrameworks/PerformanceAnalysis.framework/Versions/A/PerformanceAnalysis
0x00007fff44284000 	/System/Library/Frameworks/OpenGL.framework/Versions/A/OpenGL
0x00007fff72662000 	/usr/lib/libobjc.A.dylib
0x00007fff3886c000 	/System/Library/Frameworks/ColorSync.framework/Versions/A/ColorSync
0x00007fff39700000 	/System/Library/Frameworks/CoreFoundation.framework/Versions/A/CoreFoundation
0x00007fff3a204000 	/System/Library/Frameworks/CoreImage.framework/Versions/A/CoreImage
0x00007fff3b55b000 	/System/Library/Frameworks/CoreText.framework/Versions/A/CoreText
0x00007fff3c62c000 	/System/Library/Frameworks/ImageIO.framework/Versions/A/ImageIO
0x00007fff70ae8000 	/usr/lib/libc++.1.dylib
0x00007fff70b64000 	/usr/lib/libcompression.dylib
0x00007fff70670000 	/usr/lib/libMobileGestalt.dylib
0x00007fff6a581000 	/System/Library/PrivateFrameworks/TextureIO.framework/Versions/A/TextureIO
0x00007fff70967000 	/usr/lib/libate.dylib
0x00007fff5ea17000 	/System/Library/PrivateFrameworks/InternationalSupport.framework/Versions/A/InternationalSupport
0x00007fff735ff000 	/usr/lib/system/libcache.dylib
0x00007fff73605000 	/usr/lib/system/libcommonCrypto.dylib
0x00007fff73611000 	/usr/lib/system/libcompiler_rt.dylib
0x00007fff73619000 	/usr/lib/system/libcopyfile.dylib
0x00007fff73623000 	/usr/lib/system/libcorecrypto.dylib
0x00007fff737c2000 	/usr/lib/system/libdispatch.dylib
0x00007fff73803000 	/usr/lib/system/libdyld.dylib
0x00007fff7383a000 	/usr/lib/system/libkeymgr.dylib
0x00007fff73848000 	/usr/lib/system/liblaunch.dylib
0x00007fff73849000 	/usr/lib/system/libmacho.dylib
0x00007fff7384f000 	/usr/lib/system/libquarantine.dylib
0x00007fff73852000 	/usr/lib/system/libremovefile.dylib
0x00007fff73854000 	/usr/lib/system/libsystem_asl.dylib
0x00007fff7386c000 	/usr/lib/system/libsystem_blocks.dylib
0x00007fff7386d000 	/usr/lib/system/libsystem_c.dylib
0x00007fff738f5000 	/usr/lib/system/libsystem_configuration.dylib
0x00007fff738f9000 	/usr/lib/system/libsystem_coreservices.dylib
0x00007fff738fd000 	/usr/lib/system/libsystem_darwin.dylib
0x00007fff73906000 	/usr/lib/system/libsystem_dnssd.dylib
0x00007fff7390e000 	/usr/lib/system/libsystem_featureflags.dylib
0x00007fff73910000 	/usr/lib/system/libsystem_info.dylib
0x00007fff7398b000 	/usr/lib/system/libsystem_m.dylib
0x00007fff739d3000 	/usr/lib/system/libsystem_malloc.dylib
0x00007fff739fb000 	/usr/lib/system/libsystem_networkextension.dylib
0x00007fff73a09000 	/usr/lib/system/libsystem_notify.dylib
0x00007fff73a27000 	/usr/lib/system/libsystem_sandbox.dylib
0x00007fff73a2c000 	/usr/lib/system/libsystem_secinit.dylib
0x00007fff7395e000 	/usr/lib/system/libsystem_kernel.dylib
0x00007fff73a13000 	/usr/lib/system/libsystem_platform.dylib
0x00007fff73a1c000 	/usr/lib/system/libsystem_pthread.dylib
0x00007fff73a2f000 	/usr/lib/system/libsystem_symptoms.dylib
0x00007fff73a37000 	/usr/lib/system/libsystem_trace.dylib
0x00007fff73a4f000 	/usr/lib/system/libunwind.dylib
0x00007fff73a55000 	/usr/lib/system/libxpc.dylib
0x00007fff70b3b000 	/usr/lib/libc++abi.dylib
0x00007fff7193f000 	/usr/lib/liblzma.5.dylib
0x00007fff715ba000 	/usr/lib/libfakelink.dylib
0x00007fff708f4000 	/usr/lib/libarchive.2.dylib
0x00007fff47108000 	/System/Library/Frameworks/SystemConfiguration.framework/Versions/A/SystemConfiguration
0x00007fff7025f000 	/usr/lib/libCRFSuite.dylib
0x00007fff37f6f000 	/System/Library/Frameworks/CFNetwork.framework/Versions/A/CFNetwork
0x00007fff70aca000 	/usr/lib/libbsm.0.dylib
0x00007fff7383b000 	/usr/lib/system/libkxld.dylib
0x00007fff4d047000 	/System/Library/PrivateFrameworks/AppleFSCompression.framework/Versions/A/AppleFSCompression
0x00007fff70e55000 	/usr/lib/libcoretls.dylib
0x00007fff70e6c000 	/usr/lib/libcoretls_cfhelpers.dylib
0x00007fff726a8000 	/usr/lib/libpam.2.dylib
0x00007fff727dd000 	/usr/lib/libsqlite3.dylib
0x00007fff72c1c000 	/usr/lib/libxar.1.dylib
0x00007fff70adb000 	/usr/lib/libbz2.1.0.dylib
0x00007fff715db000 	/usr/lib/libiconv.2.dylib
0x00007fff70b51000 	/usr/lib/libcharset.1.dylib
0x00007fff72145000 	/usr/lib/libnetwork.dylib
0x00007fff726af000 	/usr/lib/libpcap.A.dylib
0x00007fff708a9000 	/usr/lib/libapple_nghttp2.dylib
0x00007fff3ae9f000 	/System/Library/Frameworks/CoreServices.framework/Versions/A/Frameworks/FSEvents.framework/Versions/A/FSEvents
0x00007fff3ab6f000 	/System/Library/Frameworks/CoreServices.framework/Versions/A/Frameworks/CarbonCore.framework/Versions/A/CarbonCore
0x00007fff3b0e3000 	/System/Library/Frameworks/CoreServices.framework/Versions/A/Frameworks/Metadata.framework/Versions/A/Metadata
0x00007fff3b17c000 	/System/Library/Frameworks/CoreServices.framework/Versions/A/Frameworks/OSServices.framework/Versions/A/OSServices
0x00007fff3b1aa000 	/System/Library/Frameworks/CoreServices.framework/Versions/A/Frameworks/SearchKit.framework/Versions/A/SearchKit
0x00007fff3aae9000 	/System/Library/Frameworks/CoreServices.framework/Versions/A/Frameworks/AE.framework/Versions/A/AE
0x00007fff3aea8000 	/System/Library/Frameworks/CoreServices.framework/Versions/A/Frameworks/LaunchServices.framework/Versions/A/LaunchServices
0x00007fff3ae51000 	/System/Library/Frameworks/CoreServices.framework/Versions/A/Frameworks/DictionaryServices.framework/Versions/A/DictionaryServices
0x00007fff3b212000 	/System/Library/Frameworks/CoreServices.framework/Versions/A/Frameworks/SharedFileList.framework/Versions/A/SharedFileList
0x00007fff400a3000 	/System/Library/Frameworks/NetFS.framework/Versions/A/NetFS
0x00007fff60db6000 	/System/Library/PrivateFrameworks/NetAuth.framework/Versions/A/NetAuth
0x00007fff6d73f000 	/System/Library/PrivateFrameworks/login.framework/Versions/A/Frameworks/loginsupport.framework/Versions/A/loginsupport
0x00007fff6a04c000 	/System/Library/PrivateFrameworks/TCC.framework/Versions/A/TCC
0x00007fff51c78000 	/System/Library/PrivateFrameworks/CoreNLP.framework/Versions/A/CoreNLP
0x00007fff6028b000 	/System/Library/PrivateFrameworks/MetadataUtilities.framework/Versions/A/MetadataUtilities
0x00007fff71a17000 	/usr/lib/libmecabra.dylib
0x00007fff7196f000 	/usr/lib/libmecab.dylib
0x00007fff715cb000 	/usr/lib/libgermantok.dylib
0x00007fff70890000 	/usr/lib/libThaiTokenizer.dylib
0x00007fff70296000 	/usr/lib/libChineseTokenizer.dylib
0x00007fff3539f000 	/System/Library/Frameworks/Accelerate.framework/Versions/A/Frameworks/vImage.framework/Versions/A/vImage
0x00007fff36809000 	/System/Library/Frameworks/Accelerate.framework/Versions/A/Frameworks/vecLib.framework/Versions/A/vecLib
0x00007fff36746000 	/System/Library/Frameworks/Accelerate.framework/Versions/A/Frameworks/vecLib.framework/Versions/A/libvMisc.dylib
0x00007fff3656e000 	/System/Library/Frameworks/Accelerate.framework/Versions/A/Frameworks/vecLib.framework/Versions/A/libvDSP.dylib
0x00007fff359f6000 	/System/Library/Frameworks/Accelerate.framework/Versions/A/Frameworks/vecLib.framework/Versions/A/libBLAS.dylib
0x00007fff36132000 	/System/Library/Frameworks/Accelerate.framework/Versions/A/Frameworks/vecLib.framework/Versions/A/libLAPACK.dylib
0x00007fff364ce000 	/System/Library/Frameworks/Accelerate.framework/Versions/A/Frameworks/vecLib.framework/Versions/A/libLinearAlgebra.dylib
0x00007fff3655b000 	/System/Library/Frameworks/Accelerate.framework/Versions/A/Frameworks/vecLib.framework/Versions/A/libSparseBLAS.dylib
0x00007fff364e4000 	/System/Library/Frameworks/Accelerate.framework/Versions/A/Frameworks/vecLib.framework/Versions/A/libQuadrature.dylib
0x00007fff35c5e000 	/System/Library/Frameworks/Accelerate.framework/Versions/A/Frameworks/vecLib.framework/Versions/A/libBNNS.dylib
0x00007fff364ea000 	/System/Library/Frameworks/Accelerate.framework/Versions/A/Frameworks/vecLib.framework/Versions/A/libSparse.dylib
0x00007fff5edff000 	/System/Library/PrivateFrameworks/LanguageModeling.framework/Versions/A/LanguageModeling
0x00007fff51628000 	/System/Library/PrivateFrameworks/CoreEmoji.framework/Versions/A/CoreEmoji
0x00007fff5ef1d000 	/System/Library/PrivateFrameworks/LinguisticData.framework/Versions/A/LinguisticData
0x00007fff5eece000 	/System/Library/PrivateFrameworks/Lexicon.framework/Versions/A/Lexicon
0x00007fff70b52000 	/usr/lib/libcmph.dylib
0x00007fff42c92000 	/System/Library/Frameworks/OpenDirectory.framework/Versions/A/Frameworks/CFOpenDirectory.framework/Versions/A/CFOpenDirectory
0x00007fff42caf000 	/System/Library/Frameworks/OpenDirectory.framework/Versions/A/OpenDirectory
0x00007fff4b0f2000 	/System/Library/PrivateFrameworks/APFS.framework/Versions/A/APFS
0x00007fff463a1000 	/System/Library/Frameworks/SecurityFoundation.framework/Versions/A/SecurityFoundation
0x00007fff72c18000 	/usr/lib/libutil.dylib
0x00007fff52b5d000 	/System/Library/PrivateFrameworks/CoreServicesStore.framework/Versions/A/CoreServicesStore
0x00007fff46458000 	/System/Library/Frameworks/ServiceManagement.framework/Versions/A/ServiceManagement
0x00007fff4e817000 	/System/Library/PrivateFrameworks/BackgroundTaskManagement.framework/Versions/A/BackgroundTaskManagement
0x00007fff72d15000 	/usr/lib/libxslt.1.dylib
0x00007fff4d6ba000 	/System/Library/PrivateFrameworks/AppleSystemInfo.framework/Versions/A/AppleSystemInfo
0x00007fff3c847000 	/System/Library/Frameworks/ImageIO.framework/Versions/A/Resources/libJPEG.dylib
0x00007fff3cb06000 	/System/Library/Frameworks/ImageIO.framework/Versions/A/Resources/libTIFF.dylib
0x00007fff3cae9000 	/System/Library/Frameworks/ImageIO.framework/Versions/A/Resources/libPng.dylib
0x00007fff3c789000 	/System/Library/Frameworks/ImageIO.framework/Versions/A/Resources/libGIF.dylib
0x00007fff3c78d000 	/System/Library/Frameworks/ImageIO.framework/Versions/A/Resources/libJP2.dylib
0x00007fff3cb04000 	/System/Library/Frameworks/ImageIO.framework/Versions/A/Resources/libRadiance.dylib
0x00007fff71594000 	/usr/lib/libexpat.1.dylib
0x00007fff4d1a2000 	/System/Library/PrivateFrameworks/AppleJPEG.framework/Versions/A/AppleJPEG
0x00007fff55e73000 	/System/Library/PrivateFrameworks/FontServices.framework/libFontParser.dylib
0x00007fff6c741000 	/System/Library/PrivateFrameworks/WatchdogClient.framework/Versions/A/WatchdogClient
0x00007fff5e45a000 	/System/Library/PrivateFrameworks/IOAccelerator.framework/Versions/A/IOAccelerator
0x00007fff3f013000 	/System/Library/Frameworks/MetalPerformanceShaders.framework/Versions/A/MetalPerformanceShaders
0x00007fff5abf0000 	/System/Library/PrivateFrameworks/GPUWrangler.framework/Versions/A/GPUWrangler
0x00007fff5e46f000 	/System/Library/PrivateFrameworks/IOPresentment.framework/Versions/A/IOPresentment
0x00007fff536dd000 	/System/Library/PrivateFrameworks/DSExternalDisplay.framework/Versions/A/DSExternalDisplay
0x00007fff43623000 	/System/Library/Frameworks/OpenGL.framework/Versions/A/Libraries/libCoreFSCache.dylib
0x00007fff3ed5f000 	/System/Library/Frameworks/MetalPerformanceShaders.framework/Frameworks/MPSCore.framework/Versions/A/MPSCore
0x00007fff3ed9d000 	/System/Library/Frameworks/MetalPerformanceShaders.framework/Frameworks/MPSImage.framework/Versions/A/MPSImage
0x00007fff3ee64000 	/System/Library/Frameworks/MetalPerformanceShaders.framework/Frameworks/MPSNeuralNetwork.framework/Versions/A/MPSNeuralNetwork
0x00007fff3ee28000 	/System/Library/Frameworks/MetalPerformanceShaders.framework/Frameworks/MPSMatrix.framework/Versions/A/MPSMatrix
0x00007fff3efc3000 	/System/Library/Frameworks/MetalPerformanceShaders.framework/Frameworks/MPSRayIntersector.framework/Versions/A/MPSRayIntersector
0x00007fff3ee4e000 	/System/Library/Frameworks/MetalPerformanceShaders.framework/Frameworks/MPSNDArray.framework/Versions/A/MPSNDArray
0x00007fff602d8000 	/System/Library/PrivateFrameworks/MetalTools.framework/Versions/A/MetalTools
0x00007fff4c2cc000 	/System/Library/PrivateFrameworks/AggregateDictionary.framework/Versions/A/AggregateDictionary
0x00007fff51070000 	/System/Library/PrivateFrameworks/CoreAnalytics.framework/Versions/A/CoreAnalytics
0x00007fff4d5d9000 	/System/Library/PrivateFrameworks/AppleSauce.framework/Versions/A/AppleSauce
0x00007fff70552000 	/usr/lib/libIOReport.dylib
0x00007fff3b713000 	/System/Library/Frameworks/CoreVideo.framework/Versions/A/CoreVideo
0x00007fff5c069000 	/System/Library/PrivateFrameworks/GraphVisualizer.framework/Versions/A/GraphVisualizer
0x00007fff553b9000 	/System/Library/PrivateFrameworks/FaceCore.framework/Versions/A/FaceCore
0x00007fff42c39000 	/System/Library/Frameworks/OpenCL.framework/Versions/A/OpenCL
0x00007fff70374000 	/usr/lib/libFosl_dynamic.dylib
0x00007fff617d6000 	/System/Library/PrivateFrameworks/OTSVG.framework/Versions/A/OTSVG
0x00007fff378c8000 	/System/Library/Frameworks/ApplicationServices.framework/Versions/A/Frameworks/ATS.framework/Versions/A/Resources/libFontRegistry.dylib
0x00007fff56044000 	/System/Library/PrivateFrameworks/FontServices.framework/libhvf.dylib
0x00007fff4362e000 	/System/Library/Frameworks/OpenGL.framework/Versions/A/Libraries/libGFXShared.dylib
0x00007fff4380c000 	/System/Library/Frameworks/OpenGL.framework/Versions/A/Libraries/libGLU.dylib
0x00007fff43637000 	/System/Library/Frameworks/OpenGL.framework/Versions/A/Libraries/libGL.dylib
0x00007fff43642000 	/System/Library/Frameworks/OpenGL.framework/Versions/A/Libraries/libGLImage.dylib
0x00007fff43620000 	/System/Library/Frameworks/OpenGL.framework/Versions/A/Libraries/libCVMSPluginSupport.dylib
0x00007fff43629000 	/System/Library/Frameworks/OpenGL.framework/Versions/A/Libraries/libCoreVMClient.dylib
0x00007fff71fe6000 	/usr/lib/libncurses.5.4.dylib
0x00007fff377c4000 	/System/Library/Frameworks/ApplicationServices.framework/Versions/A/Frameworks/ATS.framework/Versions/A/ATS
0x00007fff37991000 	/System/Library/Frameworks/ApplicationServices.framework/Versions/A/Frameworks/ColorSyncLegacy.framework/Versions/A/ColorSyncLegacy
0x00007fff37a2f000 	/System/Library/Frameworks/ApplicationServices.framework/Versions/A/Frameworks/HIServices.framework/Versions/A/HIServices
0x00007fff37a87000 	/System/Library/Frameworks/ApplicationServices.framework/Versions/A/Frameworks/LangAnalysis.framework/Versions/A/LangAnalysis
0x00007fff37a96000 	/System/Library/Frameworks/ApplicationServices.framework/Versions/A/Frameworks/PrintCore.framework/Versions/A/PrintCore
0x00007fff37adc000 	/System/Library/Frameworks/ApplicationServices.framework/Versions/A/Frameworks/QD.framework/Versions/A/QD
0x00007fff37ae7000 	/System/Library/Frameworks/ApplicationServices.framework/Versions/A/Frameworks/SpeechSynthesis.framework/Versions/A/SpeechSynthesis
0x00007fff37961000 	/System/Library/Frameworks/ApplicationServices.framework/Versions/A/Frameworks/ATSUI.framework/Versions/A/ATSUI
0x00007fff7142a000 	/usr/lib/libcups.2.dylib
0x00007fff3e0ae000 	/System/Library/Frameworks/Kerberos.framework/Versions/A/Kerberos
0x00007fff3c1ef000 	/System/Library/Frameworks/GSS.framework/Versions/A/GSS
0x00007fff72769000 	/usr/lib/libresolv.9.dylib
0x00007fff5c216000 	/System/Library/PrivateFrameworks/Heimdal.framework/Versions/A/Heimdal
0x00007fff3e0c1000 	/System/Library/Frameworks/Kerberos.framework/Versions/A/Libraries/libHeimdalProxy.dylib
0x00007fff715d1000 	/usr/lib/libheimdal-asn1.dylib
0x00007fff50508000 	/System/Library/PrivateFrameworks/CommonAuth.framework/Versions/A/CommonAuth
0x00007fff4d757000 	/System/Library/PrivateFrameworks/AssertionServices.framework/Versions/A/AssertionServices
0x00007fff4e2fa000 	/System/Library/PrivateFrameworks/AudioToolboxCore.framework/Versions/A/AudioToolboxCore
0x00007fff6d3ef000 	/System/Library/PrivateFrameworks/caulk.framework/Versions/A/caulk
0x00007fff4e8c3000 	/System/Library/PrivateFrameworks/BaseBoard.framework/Versions/A/BaseBoard
0x00007fff65a39000 	/System/Library/PrivateFrameworks/RunningBoardServices.framework/Versions/A/RunningBoardServices
0x00007fff62a4a000 	/System/Library/PrivateFrameworks/PersistentConnection.framework/Versions/A/PersistentConnection
0x00007fff65432000 	/System/Library/PrivateFrameworks/ProtocolBuffer.framework/Versions/A/ProtocolBuffer
0x00007fff5052c000 	/System/Library/PrivateFrameworks/CommonUtilities.framework/Versions/A/CommonUtilities
0x00007fff4ea51000 	/System/Library/PrivateFrameworks/Bom.framework/Versions/A/Bom
0x00007fff70225000 	/usr/lib/libAudioToolboxUtility.dylib
0x00007fff4e821000 	/System/Library/PrivateFrameworks/Backup.framework/Versions/A/Backup
0x00007fff535fe000 	/System/Library/PrivateFrameworks/CrashReporterSupport.framework/Versions/A/CrashReporterSupport
0x00007fff674cb000 	/System/Library/PrivateFrameworks/Sharing.framework/Versions/A/Sharing
0x00007fff4cd65000 	/System/Library/PrivateFrameworks/Apple80211.framework/Versions/A/Apple80211
0x00007fff4e53e000 	/System/Library/PrivateFrameworks/AuthKit.framework/Versions/A/AuthKit
0x00007fff5330b000 	/System/Library/PrivateFrameworks/CoreUtils.framework/Versions/A/CoreUtils
0x00007fff3b758000 	/System/Library/Frameworks/CoreWLAN.framework/Versions/A/CoreWLAN
0x00007fff3c37c000 	/System/Library/Frameworks/IOBluetooth.framework/Versions/A/IOBluetooth
0x00007fff60605000 	/System/Library/PrivateFrameworks/MobileKeyBag.framework/Versions/A/MobileKeyBag
0x00007fff52110000 	/System/Library/PrivateFrameworks/CorePhoneNumbers.framework/Versions/A/CorePhoneNumbers
0x00007fff4d155000 	/System/Library/PrivateFrameworks/AppleIDAuthSupport.framework/Versions/A/AppleIDAuthSupport
0x00007fff400b0000 	/System/Library/Frameworks/Network.framework/Versions/A/Network
0x00007fff5ecab000 	/System/Library/PrivateFrameworks/KeychainCircle.framework/Versions/A/KeychainCircle
0x00007fff391a9000 	/System/Library/Frameworks/CoreBluetooth.framework/Versions/A/CoreBluetooth
0x00007fff6954a000 	/System/Library/PrivateFrameworks/SpeechRecognitionCore.framework/Versions/A/SpeechRecognitionCore
0x0000000105000000 	/Library/Java/JavaVirtualMachines/jdk-11.0.8.jdk/Contents/Home/lib/server/libjvm.dylib
0x0000000104702000 	/Library/Java/JavaVirtualMachines/jdk-11.0.8.jdk/Contents/Home/lib/libverify.dylib
0x0000000104712000 	/Library/Java/JavaVirtualMachines/jdk-11.0.8.jdk/Contents/Home/lib/libjava.dylib
0x000000010473f000 	/Library/Java/JavaVirtualMachines/jdk-11.0.8.jdk/Contents/Home/lib/libjimage.dylib
0x0000000104795000 	/Library/Java/JavaVirtualMachines/jdk-11.0.8.jdk/Contents/Home/lib/libzip.dylib
0x00000001047d0000 	/Library/Java/JavaVirtualMachines/jdk-11.0.8.jdk/Contents/Home/lib/libnio.dylib
0x00000001047e2000 	/Library/Java/JavaVirtualMachines/jdk-11.0.8.jdk/Contents/Home/lib/libnet.dylib
0x0000000112e32000 	/Users/saadevops/Library/Application Support/Code/User/globalStorage/redhat.java/0.69.0/config_mac/org.eclipse.equinox.launcher/org.eclipse.equinox.launcher.cocoa.macosx.x86_64_1.1.1300.v20200819-0940/eclipse_11103.so
0x00007fff52b29000 	/System/Library/PrivateFrameworks/CoreServicesInternal.framework/Versions/A/CoreServicesInternal
0x00007fff3bc77000 	/System/Library/Frameworks/FileProvider.framework/Versions/A/FileProvider
0x00007fff3680a000 	/System/Library/Frameworks/Accounts.framework/Versions/A/Accounts
0x00007fff5af15000 	/System/Library/PrivateFrameworks/GenerationalStorage.framework/Versions/A/GenerationalStorage
0x00007fff530b0000 	/System/Library/PrivateFrameworks/CoreSymbolication.framework/Versions/A/CoreSymbolication
0x00007fff69d8c000 	/System/Library/PrivateFrameworks/SymptomDiagnosticReporter.framework/Versions/A/SymptomDiagnosticReporter
0x00007fff4c869000 	/System/Library/PrivateFrameworks/AppContainer.framework/Versions/A/AppContainer
0x00007fff72783000 	/usr/lib/libsandbox.1.dylib
0x00007fff6b6e5000 	/System/Library/PrivateFrameworks/UserManagement.framework/Versions/A/UserManagement
0x00007fff4f60d000 	/System/Library/PrivateFrameworks/ChunkingLibrary.framework/Versions/A/ChunkingLibrary
0x00007fff53832000 	/System/Library/PrivateFrameworks/DebugSymbols.framework/Versions/A/DebugSymbols
0x00007fff4c8db000 	/System/Library/PrivateFrameworks/AppSandbox.framework/Versions/A/AppSandbox
0x00007fff67355000 	/System/Library/PrivateFrameworks/SecCodeWrapper.framework/Versions/A/SecCodeWrapper
0x00007fff7063a000 	/usr/lib/libMatch.1.dylib
0x00007fff6c4b1000 	/System/Library/PrivateFrameworks/ViewBridge.framework/Versions/A/ViewBridge
0x000000012e429000 	/Library/Java/JavaVirtualMachines/jdk-11.0.8.jdk/Contents/Home/lib/libextnet.dylib
0x000000012e830000 	/Library/Java/JavaVirtualMachines/jdk-11.0.8.jdk/Contents/Home/lib/libsunec.dylib


VM Arguments:
jvm_args: --add-modules=ALL-SYSTEM --add-opens=java.base/java.util=ALL-UNNAMED --add-opens=java.base/java.lang=ALL-UNNAMED -Declipse.application=org.eclipse.jdt.ls.core.id1 -Dosgi.bundles.defaultStartLevel=4 -Declipse.product=org.eclipse.jdt.ls.core.product -Dfile.encoding=utf8 -XX:+UseParallelGC -XX:GCTimeRatio=4 -XX:AdaptiveSizePolicyWeight=90 -Dsun.zip.disableMemoryMapping=true -Xmx1G -Xms100m -Xverify:none 
java_command: /Users/saadevops/.vscode/extensions/redhat.java-0.69.0/server/plugins/org.eclipse.equinox.launcher_1.5.800.v20200727-1323.jar -configuration /Users/saadevops/Library/Application Support/Code/User/globalStorage/redhat.java/0.69.0/config_mac -data /Users/saadevops/Library/Application Support/Code/User/workspaceStorage/a5065f54a9ad4f6be772ba072a507f5d/redhat.java/jdt_ws
java_class_path (initial): /Users/saadevops/.vscode/extensions/redhat.java-0.69.0/server/plugins/org.eclipse.equinox.launcher_1.5.800.v20200727-1323.jar
Launcher Type: SUN_STANDARD

[Global flags]
    uintx AdaptiveSizePolicyWeight                 = 90                                        {product} {command line}
     bool BytecodeVerificationLocal                = false                                     {product} {command line}
     bool BytecodeVerificationRemote               = false                                     {product} {command line}
     intx CICompilerCount                          = 3                                         {product} {ergonomic}
    uintx GCTimeRatio                              = 4                                         {product} {command line}
   size_t InitialHeapSize                          = 104857600                                 {product} {command line}
   size_t MaxHeapSize                              = 1073741824                                {product} {command line}
   size_t MaxNewSize                               = 357564416                                 {product} {ergonomic}
   size_t MinHeapDeltaBytes                        = 524288                                    {product} {ergonomic}
   size_t NewSize                                  = 34603008                                  {product} {ergonomic}
    uintx NonNMethodCodeHeapSize                   = 5830732                                {pd product} {ergonomic}
    uintx NonProfiledCodeHeapSize                  = 122913754                              {pd product} {ergonomic}
   size_t OldSize                                  = 70254592                                  {product} {ergonomic}
    uintx ProfiledCodeHeapSize                     = 122913754                              {pd product} {ergonomic}
    uintx ReservedCodeCacheSize                    = 251658240                              {pd product} {ergonomic}
     bool SegmentedCodeCache                       = true                                      {product} {ergonomic}
     bool UseCompressedClassPointers               = true                                 {lp64_product} {ergonomic}
     bool UseCompressedOops                        = true                                 {lp64_product} {ergonomic}
     bool UseParallelGC                            = true                                      {product} {command line}

Logging:
Log output configuration:
 #0: stdout all=warning uptime,level,tags
 #1: stderr all=off uptime,level,tags

Environment Variables:
PATH=/usr/local/bin:/usr/bin:/bin:/usr/sbin:/sbin:/Applications/VMware Fusion.app/Contents/Public:/Library/Apple/usr/bin
SHELL=/bin/zsh

Signal Handlers:
SIGSEGV: [libjvm.dylib+0x786954], sa_mask[0]=11111111011111110111111111111111, sa_flags=SA_ONSTACK|SA_RESTART|SA_SIGINFO
SIGBUS: [libjvm.dylib+0x786954], sa_mask[0]=11111111011111110111111111111111, sa_flags=SA_RESTART|SA_SIGINFO
SIGFPE: [libjvm.dylib+0x786954], sa_mask[0]=11111111011111110111111111111111, sa_flags=SA_RESTART|SA_SIGINFO
SIGPIPE: [libjvm.dylib+0x637ecb], sa_mask[0]=11111111011111110111111111111111, sa_flags=SA_RESTART|SA_SIGINFO
SIGXFSZ: [libjvm.dylib+0x637ecb], sa_mask[0]=11111111011111110111111111111111, sa_flags=SA_RESTART|SA_SIGINFO
SIGILL: [libjvm.dylib+0x786954], sa_mask[0]=11111111011111110111111111111111, sa_flags=SA_RESTART|SA_SIGINFO
SIGUSR2: [libjvm.dylib+0x6384b5], sa_mask[0]=00000000000000000000000000000000, sa_flags=SA_RESTART|SA_SIGINFO
SIGHUP: [libjvm.dylib+0x636f13], sa_mask[0]=11111111011111110111111111111111, sa_flags=SA_RESTART|SA_SIGINFO
SIGINT: [libjvm.dylib+0x636f13], sa_mask[0]=11111111011111110111111111111111, sa_flags=SA_RESTART|SA_SIGINFO
SIGTERM: [libjvm.dylib+0x636f13], sa_mask[0]=11111111011111110111111111111111, sa_flags=SA_RESTART|SA_SIGINFO
SIGQUIT: [libjvm.dylib+0x636f13], sa_mask[0]=11111111011111110111111111111111, sa_flags=SA_RESTART|SA_SIGINFO


---------------  S Y S T E M  ---------------

OS:uname:Darwin 19.6.0 Darwin Kernel Version 19.6.0: Mon Aug 31 22:12:52 PDT 2020; root:xnu-6153.141.2~1/RELEASE_X86_64 x86_64
rlimit: STACK 8192k, CORE 0k, NPROC 2784, NOFILE 10240, AS infinity, DATA infinity, FSIZE infinity
load average:4.08 4.41 4.39

CPU:total 4 (initial active 4) (2 cores per cpu, 2 threads per core) family 6 model 61 stepping 4, cmov, cx8, fxsr, mmx, sse, sse2, sse3, ssse3, sse4.1, sse4.2, popcnt, avx, avx2, aes, clmul, erms, 3dnowpref, lzcnt, ht, tsc, tscinvbit, bmi1, bmi2, adx, fma

Memory: 4k page, physical 16777216k(2036960k free)

vm_info: Java HotSpot(TM) 64-Bit Server VM (11.0.8+10-LTS) for bsd-amd64 JRE (11.0.8+10-LTS), built on Jun 16 2020 04:52:58 by "mach5one" with gcc 4.2.1 Compatible Apple LLVM 10.0.0 (clang-1000.11.45.5)

END.
