#
# A fatal error has been detected by the Java Runtime Environment:
#
#  SIGSEGV (0xb) at pc=0x000000010cf62049, pid=4011, tid=13827
#
# JRE version: Java(TM) SE Runtime Environment 18.9 (11.0.8+10) (build 11.0.8+10-LTS)
# Java VM: Java HotSpot(TM) 64-Bit Server VM 18.9 (11.0.8+10-LTS, mixed mode, tiered, compressed oops, parallel gc, bsd-amd64)
# Problematic frame:
# V  [libjvm.dylib+0x562049]  _ZN13IdealLoopTree13check_safeptsER9VectorSetR9Node_List+0xe9
#
# No core dump will be written. Core dumps have been disabled. To enable core dumping, try "ulimit -c unlimited" before starting Java again
#
# If you would like to submit a bug report, please visit:
#   https://bugreport.java.com/bugreport/crash.jsp
#

---------------  S U M M A R Y ------------

Command Line: --add-modules=ALL-SYSTEM --add-opens=java.base/java.util=ALL-UNNAMED --add-opens=java.base/java.lang=ALL-UNNAMED -Declipse.application=org.eclipse.jdt.ls.core.id1 -Dosgi.bundles.defaultStartLevel=4 -Declipse.product=org.eclipse.jdt.ls.core.product -Dfile.encoding=utf8 -XX:+UseParallelGC -XX:GCTimeRatio=4 -XX:AdaptiveSizePolicyWeight=90 -Dsun.zip.disableMemoryMapping=true -Xmx1G -Xms100m -Xverify:none /Users/saadevops/.vscode/extensions/redhat.java-0.69.0/server/plugins/org.eclipse.equinox.launcher_1.5.800.v20200727-1323.jar -configuration /Users/saadevops/Library/Application Support/Code/User/globalStorage/redhat.java/0.69.0/config_mac -data /Users/saadevops/Library/Application Support/Code/User/workspaceStorage/a5065f54a9ad4f6be772ba072a507f5d/redhat.java/jdt_ws

Host: MacBookPro12,1 x86_64 3100 MHz, 4 cores, 16G, Darwin 19.6.0
Time: Thu Oct 22 12:21:31 2020 +01 elapsed time: 23455 seconds (0d 6h 30m 55s)

---------------  T H R E A D  ---------------

Current thread (0x00007fe37c818000):  JavaThread "C2 CompilerThread0" daemon [_thread_in_native, id=13827, stack(0x0000700008374000,0x0000700008474000)]


Current CompileTask:
C2:23455024 28125 %s!   4       org.eclipse.debug.core.sourcelookup.containers.ExternalArchiveSourceContainer::searchRoots @ 103 (420 bytes)

Stack: [0x0000700008374000,0x0000700008474000],  sp=0x00007000084709b0,  free space=1010k
Native frames: (J=compiled Java code, A=aot compiled Java code, j=interpreted, Vv=VM code, C=native code)
V  [libjvm.dylib+0x562049]  _ZN13IdealLoopTree13check_safeptsER9VectorSetR9Node_List+0xe9
V  [libjvm.dylib+0x561f8f]  _ZN13IdealLoopTree13check_safeptsER9VectorSetR9Node_List+0x2f
V  [libjvm.dylib+0x563427]  _ZN14PhaseIdealLoop18build_and_optimizeE12LoopOptsMode+0x3f9
V  [libjvm.dylib+0x22062d]  _ZN7Compile8OptimizeEv+0x585
V  [libjvm.dylib+0x21f3f5]  _ZN7CompileC2EP5ciEnvP10C2CompilerP8ciMethodibbbP12DirectiveSet+0x853
V  [libjvm.dylib+0x19e014]  _ZN10C2Compiler14compile_methodEP5ciEnvP8ciMethodiP12DirectiveSet+0xb6
V  [libjvm.dylib+0x22bfbb]  _ZN13CompileBroker25invoke_compiler_on_methodEP11CompileTask+0x5b9
V  [libjvm.dylib+0x22b883]  _ZN13CompileBroker20compiler_thread_loopEv+0x1ab
V  [libjvm.dylib+0x733412]  _ZN10JavaThread17thread_main_innerEv+0x82
V  [libjvm.dylib+0x73325d]  _ZN10JavaThread3runEv+0x1a3
V  [libjvm.dylib+0x731068]  _ZN6Thread8call_runEv+0x60
V  [libjvm.dylib+0x635e47]  _ZL19thread_native_entryP6Thread+0x139
C  [libsystem_pthread.dylib+0x6109]  _pthread_start+0x94
C  [libsystem_pthread.dylib+0x1b8b]  thread_start+0xf


siginfo: si_signo: 11 (SIGSEGV), si_code: 0 (unknown), si_addr: 0x0000000000000000

Register to memory mapping:

RAX=0x000000010cb5d9ba: _ZNK6LIR_Op4nameEv+0 in /Library/Java/JavaVirtualMachines/jdk-11.0.8.jdk/Contents/Home/lib/server/libjvm.dylib at 0x000000010ca00000
RBX=0x000000010d2fb258: _ZTV7LIR_Op2+0x10 in /Library/Java/JavaVirtualMachines/jdk-11.0.8.jdk/Contents/Home/lib/server/libjvm.dylib at 0x000000010ca00000
RCX=0x0000000000000007 is an unknown value
RDX=0x0000000000000390 is an unknown value
RSP=0x00007000084709b0 is pointing into the stack for thread: 0x00007fe37c818000
RBP=0x00007000084709f0 is pointing into the stack for thread: 0x00007fe37c818000
RSI=0x0000000000000390 is an unknown value
RDI=0x000000010d2fb258: _ZTV7LIR_Op2+0x10 in /Library/Java/JavaVirtualMachines/jdk-11.0.8.jdk/Contents/Home/lib/server/libjvm.dylib at 0x000000010ca00000
R8 =0x0000000000000020 is an unknown value
R9 =0xffffffff00000000 is an unknown value
R10=0x000000010d357a68: _ZL8tc_mutex+0x18 in /Library/Java/JavaVirtualMachines/jdk-11.0.8.jdk/Contents/Home/lib/server/libjvm.dylib at 0x000000010ca00000
R11=0x0 is NULL
R12=0x00007fe37cb9d720 points into unknown readable memory: 10 7a b9 7c e3 7f 00 00
R13=0x0000000000000096 is an unknown value
R14=0x00007fe37f272818 points into unknown readable memory: 80 d6 b9 7c e3 7f 00 00
R15=0x0000700008470d60 is pointing into the stack for thread: 0x00007fe37c818000


Registers:
RAX=0x000000010cb5d9ba, RBX=0x000000010d2fb258, RCX=0x0000000000000007, RDX=0x0000000000000390
RSP=0x00007000084709b0, RBP=0x00007000084709f0, RSI=0x0000000000000390, RDI=0x000000010d2fb258
R8 =0x0000000000000020, R9 =0xffffffff00000000, R10=0x000000010d357a68, R11=0x0000000000000000
R12=0x00007fe37cb9d720, R13=0x0000000000000096, R14=0x00007fe37f272818, R15=0x0000700008470d60
RIP=0x000000010cf62049, EFLAGS=0x0000000000010297, ERR=0x0000000000000000
  TRAPNO=0x000000000000000d

Top of Stack: (sp=0x00007000084709b0)
0x00007000084709b0:   0000000000000080 0000700008470a50
0x00007000084709c0:   0000000000000000 0000700008470a50
0x00007000084709d0:   00007fe37cb97a10 0000700008470e20
0x00007000084709e0:   0000000000000003 0000700008470d60
0x00007000084709f0:   0000700008470a40 000000010cf61f8f
0x0000700008470a00:   00007fe387157610 00007fe37bd1b3e0
0x0000700008470a10:   0000000000000020 0000000000000082
0x0000700008470a20:   0000700008470e10 0000700008470e20
0x0000700008470a30:   0000000000000003 0000700008470e00
0x0000700008470a40:   0000700008470df0 000000010cf63427
0x0000700008470a50:   00007fe37bd1b3e0 0000000100000004
0x0000700008470a60:   00007fe387162370 0000000000000000
0x0000700008470a70:   0000700008470a98 0000000000009000
0x0000700008470a80:   00000000084732c8 0000000000000000
0x0000700008470a90:   0000000000000000 0000000000000000
0x0000700008470aa0:   0000000000000008 0000000000009000
0x0000700008470ab0:   0000000000008010 0000000000000000
0x0000700008470ac0:   0000000000000000 0000000000000000
0x0000700008470ad0:   0000700008470af0 000000010d1394a1
0x0000700008470ae0:   00007fe37bd1b3e0 000000010d13950f
0x0000700008470af0:   0000700008470b50 000000010cae8287
0x0000700008470b00:   0000700008470b30 00007fff7309616f
0x0000700008470b10:   0000000000008010 0000000000000000
0x0000700008470b20:   00007fff9960d000 0000000000009000
0x0000700008470b30:   000000007cba7a00 0000000000009000
0x0000700008470b40:   0000000000000000 0000000000000000
0x0000700008470b50:   0000000000000000 0000000000000000
0x0000700008470b60:   0000000000008010 0000000000008010
0x0000700008470b70:   0000000000008010 0000700008470c60
0x0000700008470b80:   0000000000000000 000000010c0de000
0x0000700008470b90:   0000700008470bc0 00007fff7309616f
0x0000700008470ba0:   0000000000008010 0000000000000000 

Instructions: (pc=0x000000010cf62049)
0x000000010cf62029:   00 00 39 c8 75 14 48 8b 03 48 89 df ff 90 c8 00
0x000000010cf62039:   00 00 84 c0 0f 85 25 01 00 00 48 8b 03 48 89 df
0x000000010cf62049:   ff 10 41 89 c5 4d 8b 74 24 28 4c 89 f7 48 89 de
0x000000010cf62059:   e8 62 6a ff ff 84 c0 74 16 8b 43 28 41 39 46 28 

Stack slot to memory mapping:
stack at sp + 0 slots: 0x0000000000000080 is an unknown value
stack at sp + 1 slots: 0x0000700008470a50 is pointing into the stack for thread: 0x00007fe37c818000
stack at sp + 2 slots: 0x0 is NULL
stack at sp + 3 slots: 0x0000700008470a50 is pointing into the stack for thread: 0x00007fe37c818000
stack at sp + 4 slots: 0x00007fe37cb97a10 points into unknown readable memory: 00 00 00 00 00 00 00 00
stack at sp + 5 slots: 0x0000700008470e20 is pointing into the stack for thread: 0x00007fe37c818000
stack at sp + 6 slots: 0x0000000000000003 is an unknown value
stack at sp + 7 slots: 0x0000700008470d60 is pointing into the stack for thread: 0x00007fe37c818000


---------------  P R O C E S S  ---------------

Threads class SMR info:
_java_thread_list=0x00007fe38209ad70, length=35, elements={
0x00007fe37d011800, 0x00007fe37c810800, 0x00007fe37c813800, 0x00007fe37c00c800,
0x00007fe37c818000, 0x00007fe37c818800, 0x00007fe37c824800, 0x00007fe37e060000,
0x00007fe37c8e8800, 0x00007fe37c97c000, 0x00007fe37cdd1000, 0x00007fe37e278800,
0x00007fe37d121000, 0x00007fe37d3e6000, 0x00007fe37e2f4000, 0x00007fe37ce82000,
0x00007fe37d51a000, 0x00007fe37c3cd800, 0x00007fe37cabf000, 0x00007fe381115000,
0x00007fe381298000, 0x00007fe380aa6800, 0x00007fe380ffa800, 0x00007fe37d7c1000,
0x00007fe37cab6800, 0x00007fe383fd5000, 0x00007fe387253800, 0x00007fe387d4b800,
0x00007fe387314000, 0x00007fe37cb2b000, 0x00007fe37d7cb800, 0x00007fe383edf000,
0x00007fe37cb2a000, 0x00007fe37e23e800, 0x00007fe3873b9800
}

Java Threads: ( => current thread )
  0x00007fe37d011800 JavaThread "main" [_thread_blocked, id=6403, stack(0x0000700007c5c000,0x0000700007d5c000)]
  0x00007fe37c810800 JavaThread "Reference Handler" daemon [_thread_blocked, id=18947, stack(0x0000700007f65000,0x0000700008065000)]
  0x00007fe37c813800 JavaThread "Finalizer" daemon [_thread_blocked, id=18691, stack(0x0000700008068000,0x0000700008168000)]
  0x00007fe37c00c800 JavaThread "Signal Dispatcher" daemon [_thread_blocked, id=13571, stack(0x0000700008271000,0x0000700008371000)]
=>0x00007fe37c818000 JavaThread "C2 CompilerThread0" daemon [_thread_in_native, id=13827, stack(0x0000700008374000,0x0000700008474000)]
  0x00007fe37c818800 JavaThread "C1 CompilerThread0" daemon [_thread_blocked, id=16387, stack(0x0000700008477000,0x0000700008577000)]
  0x00007fe37c824800 JavaThread "Sweeper thread" daemon [_thread_blocked, id=14595, stack(0x000070000857a000,0x000070000867a000)]
  0x00007fe37e060000 JavaThread "Common-Cleaner" daemon [_thread_blocked, id=15363, stack(0x000070000867d000,0x000070000877d000)]
  0x00007fe37c8e8800 JavaThread "Service Thread" daemon [_thread_blocked, id=43267, stack(0x0000700008883000,0x0000700008983000)]
  0x00007fe37c97c000 JavaThread "Active Thread: Equinox Container: 09fbd8dc-0ed2-435e-a9d3-6eaaf18d5bad" [_thread_blocked, id=23811, stack(0x0000700008b8c000,0x0000700008c8c000)]
  0x00007fe37cdd1000 JavaThread "Framework Event Dispatcher: Equinox Container: 09fbd8dc-0ed2-435e-a9d3-6eaaf18d5bad" daemon [_thread_blocked, id=42243, stack(0x0000700008c8f000,0x0000700008d8f000)]
  0x00007fe37e278800 JavaThread "Start Level: Equinox Container: 09fbd8dc-0ed2-435e-a9d3-6eaaf18d5bad" daemon [_thread_blocked, id=24579, stack(0x0000700008d92000,0x0000700008e92000)]
  0x00007fe37d121000 JavaThread "SCR Component Actor" daemon [_thread_blocked, id=26115, stack(0x0000700008a89000,0x0000700008b89000)]
  0x00007fe37d3e6000 JavaThread "Worker-JM" [_thread_blocked, id=86843, stack(0x0000700009324000,0x0000700009424000)]
  0x00007fe37e2f4000 JavaThread "Java indexing" daemon [_thread_blocked, id=84995, stack(0x0000700009730000,0x0000700009830000)]
  0x00007fe37ce82000 JavaThread "pool-2-thread-1" [_thread_blocked, id=84483, stack(0x0000700009833000,0x0000700009933000)]
  0x00007fe37d51a000 JavaThread "Bundle File Closer" daemon [_thread_blocked, id=83715, stack(0x0000700009a39000,0x0000700009b39000)]
  0x00007fe37c3cd800 JavaThread "pool-1-thread-1" [_thread_in_native, id=83203, stack(0x0000700009b3c000,0x0000700009c3c000)]
  0x00007fe37cabf000 JavaThread "Refresh Thread: Equinox Container: 09fbd8dc-0ed2-435e-a9d3-6eaaf18d5bad" daemon [_thread_blocked, id=48899, stack(0x0000700009d42000,0x0000700009e42000)]
  0x00007fe381115000 JavaThread "Java Debug Server" daemon [_thread_in_native, id=50447, stack(0x0000700009427000,0x0000700009527000)]
  0x00007fe381298000 JavaThread "RxSchedulerPurge-1" daemon [_thread_blocked, id=46611, stack(0x0000700009936000,0x0000700009a36000)]
  0x00007fe380aa6800 JavaThread "RxCachedWorkerPoolEvictor-1" daemon [_thread_blocked, id=45583, stack(0x0000700009c3f000,0x0000700009d3f000)]
  0x00007fe380ffa800 JavaThread "pool-17-thread-2" [_thread_in_native, id=76819, stack(0x000070000816b000,0x000070000826b000)]
  0x00007fe37d7c1000 JavaThread "process reaper" daemon [_thread_in_native, id=84387, stack(0x0000700008803000,0x0000700008827000)]
  0x00007fe37cab6800 JavaThread "ForkJoinPool.commonPool-worker-7" daemon [_thread_blocked, id=75795, stack(0x0000700009221000,0x0000700009321000)]
  0x00007fe383fd5000 JavaThread "Worker-47" [_thread_blocked, id=81447, stack(0x000070000a55a000,0x000070000a65a000)]
  0x00007fe387253800 JavaThread "Keep-Alive-SocketCleaner" daemon [_thread_blocked, id=47923, stack(0x000070000a966000,0x000070000aa66000)]
  0x00007fe387d4b800 JavaThread "ForkJoinPool.commonPool-worker-5" daemon [_thread_blocked, id=80911, stack(0x000070000a04b000,0x000070000a14b000)]
  0x00007fe387314000 JavaThread "Worker-52" [_thread_blocked, id=76563, stack(0x000070000a457000,0x000070000a557000)]
  0x00007fe37cb2b000 JavaThread "ForkJoinPool.commonPool-worker-1" daemon [_thread_blocked, id=45471, stack(0x000070000952a000,0x000070000962a000)]
  0x00007fe37d7cb800 JavaThread "RxNewThreadScheduler-7" daemon [_thread_blocked, id=51203, stack(0x000070000962d000,0x000070000972d000)]
  0x00007fe383edf000 JavaThread "Thread-11" daemon [_thread_blocked, id=79911, stack(0x0000700009e45000,0x0000700009f45000)]
  0x00007fe37cb2a000 JavaThread "Debuggee Stdout Handler" daemon [_thread_in_native, id=74283, stack(0x0000700009f48000,0x000070000a048000)]
  0x00007fe37e23e800 JavaThread "Debuggee Stderr Handler" daemon [_thread_in_native, id=50711, stack(0x000070000a14e000,0x000070000a24e000)]
  0x00007fe3873b9800 JavaThread "RxNewThreadScheduler-8" daemon [_thread_in_vm, id=49207, stack(0x000070000a251000,0x000070000a351000)]

Other Threads:
  0x00007fe37d058800 VMThread "VM Thread" [stack: 0x0000700007e62000,0x0000700007f62000] [id=19459]
  0x00007fe37c8eb000 WatcherThread [stack: 0x0000700008986000,0x0000700008a86000] [id=22531]
  0x00007fe37d014000 GCTaskThread "ParGC Thread#0" [stack: 0x0000700007d5f000,0x0000700007e5f000] [id=20995]
  0x00007fe37cdde000 GCTaskThread "ParGC Thread#1" [stack: 0x0000700008e95000,0x0000700008f95000] [id=38403]
  0x00007fe37cddf000 GCTaskThread "ParGC Thread#2" [stack: 0x0000700008f98000,0x0000700009098000] [id=26371]
  0x00007fe37cdd9800 GCTaskThread "ParGC Thread#3" [stack: 0x000070000909b000,0x000070000919b000] [id=37635]

Threads with active compile tasks:
C2 CompilerThread023455042 28125 %s!   4       org.eclipse.debug.core.sourcelookup.containers.ExternalArchiveSourceContainer::searchRoots @ 103 (420 bytes)

VM state:not at safepoint (normal execution)

VM Mutex/Monitor currently owned by a thread: None

Heap address: 0x00000007c0000000, size: 1024 MB, Compressed Oops mode: Zero based, Oop shift amount: 3
Narrow klass base: 0x0000000800000000, Narrow klass shift: 0
Compressed class space size: 1073741824 Address: 0x0000000800000000

Heap:
 PSYoungGen      total 10752K, used 8782K [0x00000007eab00000, 0x00000007eba80000, 0x0000000800000000)
  eden space 10240K, 81% used [0x00000007eab00000,0x00000007eb32b9b8,0x00000007eb500000)
  from space 512K, 81% used [0x00000007eb880000,0x00000007eb8e8030,0x00000007eb900000)
  to   space 1024K, 0% used [0x00000007eb980000,0x00000007eb980000,0x00000007eba80000)
 ParOldGen       total 209920K, used 196885K [0x00000007c0000000, 0x00000007ccd00000, 0x00000007eab00000)
  object space 209920K, 93% used [0x00000007c0000000,0x00000007cc045580,0x00000007ccd00000)
 Metaspace       used 90921K, capacity 94991K, committed 95448K, reserved 1134592K
  class space    used 8167K, capacity 9431K, committed 9472K, reserved 1048576K

Card table byte_map: [0x000000010d99a000,0x000000010db9b000] _byte_map_base: 0x0000000109b9a000

Marking Bits: (ParMarkBitMap*) 0x000000010d38e500
 Begin Bits: [0x000000010dcf1000, 0x000000010ecf1000)
 End Bits:   [0x000000010ecf1000, 0x000000010fcf1000)

Polling page: 0x000000010c135000

Metaspace:

Usage:
  Non-class:     83.55 MB capacity,    80.81 MB ( 97%) used,     2.54 MB (  3%) free+waste,   201.56 KB ( <1%) overhead. 
      Class:      9.21 MB capacity,     7.98 MB ( 87%) used,     1.15 MB ( 13%) free+waste,    81.38 KB ( <1%) overhead. 
       Both:     92.76 MB capacity,    88.79 MB ( 96%) used,     3.70 MB (  4%) free+waste,   282.94 KB ( <1%) overhead. 

Virtual space:
  Non-class space:       84.00 MB reserved,      83.96 MB (>99%) committed 
      Class space:        1.00 GB reserved,       9.25 MB ( <1%) committed 
             Both:        1.08 GB reserved,      93.21 MB (  8%) committed 

Chunk freelists:
   Non-Class:  27.50 KB
       Class:  512 bytes
        Both:  28.00 KB

CodeHeap 'non-profiled nmethods': size=120032Kb used=19662Kb max_used=19662Kb free=100369Kb
 bounds [0x0000000121fd1000, 0x0000000123371000, 0x0000000129509000]
CodeHeap 'profiled nmethods': size=120032Kb used=43116Kb max_used=43317Kb free=76915Kb
 bounds [0x000000011aa99000, 0x000000011d559000, 0x0000000121fd1000]
CodeHeap 'non-nmethods': size=5696Kb used=1339Kb max_used=1409Kb free=4357Kb
 bounds [0x000000011a509000, 0x000000011a779000, 0x000000011aa99000]
 total_blobs=18831 nmethods=18081 adapters=658
 compilation: enabled
              stopped_count=0, restarted_count=0
 full_count=0

Compilation events (10 events):
Event: 23454.934 Thread 0x00007fe37c818800 nmethod 28124 0x000000011ca96090 code [0x000000011ca96260, 0x000000011ca96688]
Event: 23454.936 Thread 0x00007fe37c818000 28125 %s!   4       org.eclipse.debug.core.sourcelookup.containers.ExternalArchiveSourceContainer::searchRoots @ 103 (420 bytes)
Event: 23454.949 Thread 0x00007fe37c818800 28126       3       com.microsoft.java.debug.core.adapter.handler.StackTraceRequestHandler::convertDebuggerSourceToClient (116 bytes)
Event: 23454.956 Thread 0x00007fe37c818800 nmethod 28126 0x000000011d2ab310 code [0x000000011d2ab6a0, 0x000000011d2ad1c8]
Event: 23454.956 Thread 0x00007fe37c818800 28127   !   3       com.microsoft.java.debug.plugin.internal.JdtUtils::findSourceElement (75 bytes)
Event: 23454.957 Thread 0x00007fe37c818800 nmethod 28127 0x000000011ceece10 code [0x000000011ceed000, 0x000000011ceed6c8]
Event: 23454.991 Thread 0x00007fe37c818800 28129   !   3       java.net.URI$Parser::parseAuthority (257 bytes)
Event: 23454.996 Thread 0x00007fe37c818800 nmethod 28129 0x000000011d2e3090 code [0x000000011d2e3380, 0x000000011d2e4198]
Event: 23454.996 Thread 0x00007fe37c818800 28130       3       java.net.URI::toASCIIString (8 bytes)
Event: 23454.996 Thread 0x00007fe37c818800 nmethod 28130 0x000000011c6ed310 code [0x000000011c6ed4e0, 0x000000011c6ed738]

GC Heap History (10 events):
Event: 23432.072 GC heap before
{Heap before GC invocations=3701 (full 103):
 PSYoungGen      total 16896K, used 16298K [0x00000007eab00000, 0x00000007ec300000, 0x0000000800000000)
  eden space 10240K, 100% used [0x00000007eab00000,0x00000007eb500000,0x00000007eb500000)
  from space 6656K, 91% used [0x00000007ebc80000,0x00000007ec26ab18,0x00000007ec300000)
  to   space 7168K, 0% used [0x00000007eb500000,0x00000007eb500000,0x00000007ebc00000)
 ParOldGen       total 209920K, used 184459K [0x00000007c0000000, 0x00000007ccd00000, 0x00000007eab00000)
  object space 209920K, 87% used [0x00000007c0000000,0x00000007cb422f80,0x00000007ccd00000)
 Metaspace       used 90895K, capacity 94990K, committed 95448K, reserved 1134592K
  class space    used 8167K, capacity 9431K, committed 9472K, reserved 1048576K
}
Event: 23432.087 GC heap after
{Heap after GC invocations=3701 (full 103):
 PSYoungGen      total 13824K, used 3189K [0x00000007eab00000, 0x00000007ec000000, 0x0000000800000000)
  eden space 10240K, 0% used [0x00000007eab00000,0x00000007eab00000,0x00000007eb500000)
  from space 3584K, 89% used [0x00000007eb500000,0x00000007eb81d710,0x00000007eb880000)
  to   space 4608K, 0% used [0x00000007ebb80000,0x00000007ebb80000,0x00000007ec000000)
 ParOldGen       total 209920K, used 189377K [0x00000007c0000000, 0x00000007ccd00000, 0x00000007eab00000)
  object space 209920K, 90% used [0x00000007c0000000,0x00000007cb8f0630,0x00000007ccd00000)
 Metaspace       used 90895K, capacity 94990K, committed 95448K, reserved 1134592K
  class space    used 8167K, capacity 9431K, committed 9472K, reserved 1048576K
}
Event: 23432.129 GC heap before
{Heap before GC invocations=3702 (full 103):
 PSYoungGen      total 13824K, used 13429K [0x00000007eab00000, 0x00000007ec000000, 0x0000000800000000)
  eden space 10240K, 100% used [0x00000007eab00000,0x00000007eb500000,0x00000007eb500000)
  from space 3584K, 89% used [0x00000007eb500000,0x00000007eb81d710,0x00000007eb880000)
  to   space 4608K, 0% used [0x00000007ebb80000,0x00000007ebb80000,0x00000007ec000000)
 ParOldGen       total 209920K, used 189377K [0x00000007c0000000, 0x00000007ccd00000, 0x00000007eab00000)
  object space 209920K, 90% used [0x00000007c0000000,0x00000007cb8f0630,0x00000007ccd00000)
 Metaspace       used 90895K, capacity 94990K, committed 95448K, reserved 1134592K
  class space    used 8167K, capacity 9431K, committed 9472K, reserved 1048576K
}
Event: 23432.135 GC heap after
{Heap after GC invocations=3702 (full 103):
 PSYoungGen      total 12288K, used 1880K [0x00000007eab00000, 0x00000007ebd80000, 0x0000000800000000)
  eden space 10240K, 0% used [0x00000007eab00000,0x00000007eab00000,0x00000007eb500000)
  from space 2048K, 91% used [0x00000007ebb80000,0x00000007ebd56360,0x00000007ebd80000)
  to   space 3072K, 0% used [0x00000007eb780000,0x00000007eb780000,0x00000007eba80000)
 ParOldGen       total 209920K, used 192457K [0x00000007c0000000, 0x00000007ccd00000, 0x00000007eab00000)
  object space 209920K, 91% used [0x00000007c0000000,0x00000007cbbf25a0,0x00000007ccd00000)
 Metaspace       used 90895K, capacity 94990K, committed 95448K, reserved 1134592K
  class space    used 8167K, capacity 9431K, committed 9472K, reserved 1048576K
}
Event: 23432.176 GC heap before
{Heap before GC invocations=3703 (full 103):
 PSYoungGen      total 12288K, used 12120K [0x00000007eab00000, 0x00000007ebd80000, 0x0000000800000000)
  eden space 10240K, 100% used [0x00000007eab00000,0x00000007eb500000,0x00000007eb500000)
  from space 2048K, 91% used [0x00000007ebb80000,0x00000007ebd56360,0x00000007ebd80000)
  to   space 3072K, 0% used [0x00000007eb780000,0x00000007eb780000,0x00000007eba80000)
 ParOldGen       total 209920K, used 192457K [0x00000007c0000000, 0x00000007ccd00000, 0x00000007eab00000)
  object space 209920K, 91% used [0x00000007c0000000,0x00000007cbbf25a0,0x00000007ccd00000)
 Metaspace       used 90898K, capacity 94990K, committed 95448K, reserved 1134592K
  class space    used 8167K, capacity 9431K, committed 9472K, reserved 1048576K
}
Event: 23432.181 GC heap after
{Heap after GC invocations=3703 (full 103):
 PSYoungGen      total 12288K, used 1680K [0x00000007eab00000, 0x00000007ebc00000, 0x0000000800000000)
  eden space 10240K, 0% used [0x00000007eab00000,0x00000007eab00000,0x00000007eb500000)
  from space 2048K, 82% used [0x00000007eb780000,0x00000007eb924010,0x00000007eb980000)
  to   space 2048K, 0% used [0x00000007eba00000,0x00000007eba00000,0x00000007ebc00000)
 ParOldGen       total 209920K, used 194229K [0x00000007c0000000, 0x00000007ccd00000, 0x00000007eab00000)
  object space 209920K, 92% used [0x00000007c0000000,0x00000007cbdad720,0x00000007ccd00000)
 Metaspace       used 90898K, capacity 94990K, committed 95448K, reserved 1134592K
  class space    used 8167K, capacity 9431K, committed 9472K, reserved 1048576K
}
Event: 23433.273 GC heap before
{Heap before GC invocations=3704 (full 103):
 PSYoungGen      total 12288K, used 11920K [0x00000007eab00000, 0x00000007ebc00000, 0x0000000800000000)
  eden space 10240K, 100% used [0x00000007eab00000,0x00000007eb500000,0x00000007eb500000)
  from space 2048K, 82% used [0x00000007eb780000,0x00000007eb924010,0x00000007eb980000)
  to   space 2048K, 0% used [0x00000007eba00000,0x00000007eba00000,0x00000007ebc00000)
 ParOldGen       total 209920K, used 194229K [0x00000007c0000000, 0x00000007ccd00000, 0x00000007eab00000)
  object space 209920K, 92% used [0x00000007c0000000,0x00000007cbdad720,0x00000007ccd00000)
 Metaspace       used 90906K, capacity 94990K, committed 95448K, reserved 1134592K
  class space    used 8167K, capacity 9431K, committed 9472K, reserved 1048576K
}
Event: 23433.277 GC heap after
{Heap after GC invocations=3704 (full 103):
 PSYoungGen      total 11776K, used 1200K [0x00000007eab00000, 0x00000007ebb80000, 0x0000000800000000)
  eden space 10240K, 0% used [0x00000007eab00000,0x00000007eab00000,0x00000007eb500000)
  from space 1536K, 78% used [0x00000007eba00000,0x00000007ebb2c010,0x00000007ebb80000)
  to   space 1536K, 0% used [0x00000007eb880000,0x00000007eb880000,0x00000007eba00000)
 ParOldGen       total 209920K, used 195845K [0x00000007c0000000, 0x00000007ccd00000, 0x00000007eab00000)
  object space 209920K, 93% used [0x00000007c0000000,0x00000007cbf41740,0x00000007ccd00000)
 Metaspace       used 90906K, capacity 94990K, committed 95448K, reserved 1134592K
  class space    used 8167K, capacity 9431K, committed 9472K, reserved 1048576K
}
Event: 23454.939 GC heap before
{Heap before GC invocations=3705 (full 103):
 PSYoungGen      total 11776K, used 11440K [0x00000007eab00000, 0x00000007ebb80000, 0x0000000800000000)
  eden space 10240K, 100% used [0x00000007eab00000,0x00000007eb500000,0x00000007eb500000)
  from space 1536K, 78% used [0x00000007eba00000,0x00000007ebb2c010,0x00000007ebb80000)
  to   space 1536K, 0% used [0x00000007eb880000,0x00000007eb880000,0x00000007eba00000)
 ParOldGen       total 209920K, used 195845K [0x00000007c0000000, 0x00000007ccd00000, 0x00000007eab00000)
  object space 209920K, 93% used [0x00000007c0000000,0x00000007cbf41740,0x00000007ccd00000)
 Metaspace       used 90916K, capacity 94990K, committed 95448K, reserved 1134592K
  class space    used 8167K, capacity 9431K, committed 9472K, reserved 1048576K
}
Event: 23454.945 GC heap after
{Heap after GC invocations=3705 (full 103):
 PSYoungGen      total 10752K, used 416K [0x00000007eab00000, 0x00000007eba80000, 0x0000000800000000)
  eden space 10240K, 0% used [0x00000007eab00000,0x00000007eab00000,0x00000007eb500000)
  from space 512K, 81% used [0x00000007eb880000,0x00000007eb8e8030,0x00000007eb900000)
  to   space 1024K, 0% used [0x00000007eb980000,0x00000007eb980000,0x00000007eba80000)
 ParOldGen       total 209920K, used 196885K [0x00000007c0000000, 0x00000007ccd00000, 0x00000007eab00000)
  object space 209920K, 93% used [0x00000007c0000000,0x00000007cc045580,0x00000007ccd00000)
 Metaspace       used 90916K, capacity 94990K, committed 95448K, reserved 1134592K
  class space    used 8167K, capacity 9431K, committed 9472K, reserved 1048576K
}

Deoptimization events (10 events):
Event: 23431.704 Thread 0x00007fe37cab6800 Uncommon trap: reason=bimorphic_or_optimized_type_check action=maybe_recompile pc=0x0000000122b80040 method=org.eclipse.jdt.internal.compiler.lookup.Scope$Substitutor.substitute(Lorg/eclipse/jdt/internal/compiler/lookup/Substitution;[Lorg/eclipse/jdt/inte
Event: 23431.705 Thread 0x00007fe37cab6800 Uncommon trap: reason=bimorphic_or_optimized_type_check action=maybe_recompile pc=0x0000000122b80040 method=org.eclipse.jdt.internal.compiler.lookup.Scope$Substitutor.substitute(Lorg/eclipse/jdt/internal/compiler/lookup/Substitution;[Lorg/eclipse/jdt/inte
Event: 23431.705 Thread 0x00007fe37cab6800 Uncommon trap: reason=bimorphic_or_optimized_type_check action=maybe_recompile pc=0x00000001228942fc method=org.eclipse.jdt.internal.compiler.ast.ASTNode.resolvePolyExpressionArguments(Lorg/eclipse/jdt/internal/compiler/ast/Invocation;Lorg/eclipse/jdt/int
Event: 23431.707 Thread 0x00007fe37cab6800 Uncommon trap: reason=bimorphic_or_optimized_type_check action=maybe_recompile pc=0x0000000122b80040 method=org.eclipse.jdt.internal.compiler.lookup.Scope$Substitutor.substitute(Lorg/eclipse/jdt/internal/compiler/lookup/Substitution;[Lorg/eclipse/jdt/inte
Event: 23431.716 Thread 0x00007fe37cab6800 Uncommon trap: reason=unstable_if action=reinterpret pc=0x00000001232e0d2c method=org.eclipse.jdt.internal.compiler.lookup.ModuleBinding.getVisiblePackage(Lorg/eclipse/jdt/internal/compiler/lookup/PackageBinding;[C)Lorg/eclipse/jdt/internal/compiler/looku
Event: 23431.745 Thread 0x00007fe37cab6800 Uncommon trap: reason=unstable_if action=reinterpret pc=0x0000000122fcfab8 method=org.eclipse.jdt.internal.compiler.lookup.FieldBinding.isOrEnclosedByPrivateType()Z @ 25 c2
Event: 23431.851 Thread 0x00007fe37cab6800 Uncommon trap: reason=unstable_if action=reinterpret pc=0x0000000123348ce4 method=org.eclipse.jdt.internal.compiler.ast.FieldDeclaration.resolveJavadoc(Lorg/eclipse/jdt/internal/compiler/lookup/MethodScope;)V @ 29 c2
Event: 23431.862 Thread 0x00007fe37cab6800 Uncommon trap: reason=unstable_if action=reinterpret pc=0x000000012298a23c method=org.eclipse.jdt.internal.compiler.lookup.PackageBinding.getTypeOrPackage([CLorg/eclipse/jdt/internal/compiler/lookup/ModuleBinding;Z)Lorg/eclipse/jdt/internal/compiler/looku
Event: 23432.122 Thread 0x00007fe37cab6800 Uncommon trap: reason=unstable_if action=reinterpret pc=0x0000000122e49f80 method=org.eclipse.jdt.internal.compiler.lookup.ParameterizedTypeBinding.genericTypeSignature()[C @ 46 c2
Event: 23433.475 Thread 0x00007fe380ffa800 Uncommon trap: reason=class_check action=maybe_recompile pc=0x0000000122d3bdb4 method=java.util.concurrent.ThreadPoolExecutor.getTask()Ljava/lang/Runnable; @ 137 c2

Classes redefined (0 events):
No events

Internal exceptions (10 events):
Event: 23454.991 Thread 0x00007fe3873b9800 Exception <a 'sun/nio/fs/UnixException'{0x00000007eb176738}> (0x00000007eb176738) thrown at [./open/src/hotspot/share/prims/jni.cpp, line 611]
Event: 23454.991 Thread 0x00007fe3873b9800 Exception <a 'sun/nio/fs/UnixException'{0x00000007eb1781f8}> (0x00000007eb1781f8) thrown at [./open/src/hotspot/share/prims/jni.cpp, line 611]
Event: 23454.992 Thread 0x00007fe3873b9800 Exception <a 'sun/nio/fs/UnixException'{0x00000007eb1cc248}> (0x00000007eb1cc248) thrown at [./open/src/hotspot/share/prims/jni.cpp, line 611]
Event: 23454.992 Thread 0x00007fe3873b9800 Exception <a 'sun/nio/fs/UnixException'{0x00000007eb1cdac0}> (0x00000007eb1cdac0) thrown at [./open/src/hotspot/share/prims/jni.cpp, line 611]
Event: 23454.993 Thread 0x00007fe3873b9800 Exception <a 'sun/nio/fs/UnixException'{0x00000007eb222228}> (0x00000007eb222228) thrown at [./open/src/hotspot/share/prims/jni.cpp, line 611]
Event: 23454.993 Thread 0x00007fe3873b9800 Exception <a 'sun/nio/fs/UnixException'{0x00000007eb223aa0}> (0x00000007eb223aa0) thrown at [./open/src/hotspot/share/prims/jni.cpp, line 611]
Event: 23454.995 Thread 0x00007fe3873b9800 Exception <a 'sun/nio/fs/UnixException'{0x00000007eb277ea8}> (0x00000007eb277ea8) thrown at [./open/src/hotspot/share/prims/jni.cpp, line 611]
Event: 23454.995 Thread 0x00007fe3873b9800 Exception <a 'sun/nio/fs/UnixException'{0x00000007eb279740}> (0x00000007eb279740) thrown at [./open/src/hotspot/share/prims/jni.cpp, line 611]
Event: 23454.997 Thread 0x00007fe3873b9800 Exception <a 'sun/nio/fs/UnixException'{0x00000007eb2ccdc0}> (0x00000007eb2ccdc0) thrown at [./open/src/hotspot/share/prims/jni.cpp, line 611]
Event: 23454.997 Thread 0x00007fe3873b9800 Exception <a 'sun/nio/fs/UnixException'{0x00000007eb2ce600}> (0x00000007eb2ce600) thrown at [./open/src/hotspot/share/prims/jni.cpp, line 611]

Events (10 events):
Event: 23434.602 Executing VM operation: RevokeBias
Event: 23434.602 Executing VM operation: RevokeBias done
Event: 23434.602 Executing VM operation: RevokeBias
Event: 23434.602 Executing VM operation: RevokeBias done
Event: 23454.939 Executing VM operation: ParallelGCFailedAllocation
Event: 23454.945 Executing VM operation: ParallelGCFailedAllocation done
Event: 23454.976 Executing VM operation: RevokeBias
Event: 23454.977 Executing VM operation: RevokeBias done
Event: 23454.979 Thread 0x00007fe3873b9800 DEOPT PACKING pc=0x000000011ccdc6ee sp=0x000070000a34f8e0
Event: 23454.979 Thread 0x00007fe3873b9800 DEOPT UNPACKING pc=0x000000011a53113a sp=0x000070000a34eeb8 mode 0


Dynamic libraries:
0x00007fff37f1f000 	/System/Library/Frameworks/Cocoa.framework/Versions/A/Cocoa
0x00007fff45718000 	/System/Library/Frameworks/Security.framework/Versions/A/Security
0x00007fff36e84000 	/System/Library/Frameworks/ApplicationServices.framework/Versions/A/ApplicationServices
0x00007fff723ff000 	/usr/lib/libz.1.dylib
0x000000010c0c9000 	/Library/Java/JavaVirtualMachines/jdk-11.0.8.jdk/Contents/Home/lib/jli/libjli.dylib
0x00007fff6fec3000 	/usr/lib/libSystem.B.dylib
0x00007fff36074000 	/System/Library/Frameworks/AppKit.framework/Versions/C/AppKit
0x00007fff388a3000 	/System/Library/Frameworks/CoreData.framework/Versions/A/CoreData
0x00007fff3b47e000 	/System/Library/Frameworks/Foundation.framework/Versions/C/Foundation
0x00007fff69ed8000 	/System/Library/PrivateFrameworks/UIFoundation.framework/Versions/A/UIFoundation
0x00007fff64f6c000 	/System/Library/PrivateFrameworks/RemoteViewServices.framework/Versions/A/RemoteViewServices
0x00007fff6ca33000 	/System/Library/PrivateFrameworks/XCTTargetBootstrap.framework/Versions/A/XCTTargetBootstrap
0x00007fff38c8e000 	/System/Library/Frameworks/CoreDisplay.framework/Versions/A/CoreDisplay
0x00007fff3e339000 	/System/Library/Frameworks/Metal.framework/Versions/A/Metal
0x00007fff52f31000 	/System/Library/PrivateFrameworks/DesktopServicesPriv.framework/Versions/A/DesktopServicesPriv
0x00007fff70ffe000 	/usr/lib/liblangid.dylib
0x00007fff521c6000 	/System/Library/PrivateFrameworks/CoreSVG.framework/Versions/A/CoreSVG
0x00007fff680c8000 	/System/Library/PrivateFrameworks/SkyLight.framework/Versions/A/SkyLight
0x00007fff39242000 	/System/Library/Frameworks/CoreGraphics.framework/Versions/A/CoreGraphics
0x00007fff34a48000 	/System/Library/Frameworks/Accelerate.framework/Versions/A/Accelerate
0x00007fff722f0000 	/usr/lib/libxml2.2.dylib
0x00007fff5decf000 	/System/Library/PrivateFrameworks/IconServices.framework/Versions/A/IconServices
0x00007fff3bc5d000 	/System/Library/Frameworks/IOSurface.framework/Versions/A/IOSurface
0x00007fff6f9ed000 	/usr/lib/libDiagnosticMessagesClient.dylib
0x00007fff52d8b000 	/System/Library/PrivateFrameworks/DFRFoundation.framework/Versions/A/DFRFoundation
0x00007fff70d8d000 	/usr/lib/libicucore.A.dylib
0x00007fff371b6000 	/System/Library/Frameworks/AudioToolbox.framework/Versions/A/AudioToolbox
0x00007fff37299000 	/System/Library/Frameworks/AudioUnit.framework/Versions/A/AudioUnit
0x00007fff700c5000 	/usr/lib/libauto.dylib
0x00007fff52e2d000 	/System/Library/PrivateFrameworks/DataDetectorsCore.framework/Versions/A/DataDetectorsCore
0x00007fff37a40000 	/System/Library/Frameworks/Carbon.framework/Versions/A/Frameworks/HIToolbox.framework/Versions/A/HIToolbox
0x00007fff44912000 	/System/Library/Frameworks/QuartzCore.framework/Versions/A/QuartzCore
0x00007fff37d7f000 	/System/Library/Frameworks/Carbon.framework/Versions/A/Frameworks/SpeechRecognition.framework/Versions/A/SpeechRecognition
0x00007fff5289f000 	/System/Library/PrivateFrameworks/CoreUI.framework/Versions/A/CoreUI
0x00007fff3830e000 	/System/Library/Frameworks/CoreAudio.framework/Versions/A/CoreAudio
0x00007fff3b13d000 	/System/Library/Frameworks/DiskArbitration.framework/Versions/A/DiskArbitration
0x00007fff5ff47000 	/System/Library/PrivateFrameworks/MultitouchSupport.framework/Versions/A/MultitouchSupport
0x00007fff70c54000 	/usr/lib/libenergytrace.dylib
0x00007fff3bbb7000 	/System/Library/Frameworks/IOKit.framework/Versions/A/IOKit
0x00007fff3a1a9000 	/System/Library/Frameworks/CoreServices.framework/Versions/A/CoreServices
0x00007fff620ff000 	/System/Library/PrivateFrameworks/PerformanceAnalysis.framework/Versions/A/PerformanceAnalysis
0x00007fff43945000 	/System/Library/Frameworks/OpenGL.framework/Versions/A/OpenGL
0x00007fff71d23000 	/usr/lib/libobjc.A.dylib
0x00007fff37f2d000 	/System/Library/Frameworks/ColorSync.framework/Versions/A/ColorSync
0x00007fff38dc1000 	/System/Library/Frameworks/CoreFoundation.framework/Versions/A/CoreFoundation
0x00007fff398c5000 	/System/Library/Frameworks/CoreImage.framework/Versions/A/CoreImage
0x00007fff3ac1c000 	/System/Library/Frameworks/CoreText.framework/Versions/A/CoreText
0x00007fff3bced000 	/System/Library/Frameworks/ImageIO.framework/Versions/A/ImageIO
0x00007fff701a9000 	/usr/lib/libc++.1.dylib
0x00007fff70225000 	/usr/lib/libcompression.dylib
0x00007fff6fd31000 	/usr/lib/libMobileGestalt.dylib
0x00007fff69c42000 	/System/Library/PrivateFrameworks/TextureIO.framework/Versions/A/TextureIO
0x00007fff70028000 	/usr/lib/libate.dylib
0x00007fff5e0d8000 	/System/Library/PrivateFrameworks/InternationalSupport.framework/Versions/A/InternationalSupport
0x00007fff72cc0000 	/usr/lib/system/libcache.dylib
0x00007fff72cc6000 	/usr/lib/system/libcommonCrypto.dylib
0x00007fff72cd2000 	/usr/lib/system/libcompiler_rt.dylib
0x00007fff72cda000 	/usr/lib/system/libcopyfile.dylib
0x00007fff72ce4000 	/usr/lib/system/libcorecrypto.dylib
0x00007fff72e83000 	/usr/lib/system/libdispatch.dylib
0x00007fff72ec4000 	/usr/lib/system/libdyld.dylib
0x00007fff72efb000 	/usr/lib/system/libkeymgr.dylib
0x00007fff72f09000 	/usr/lib/system/liblaunch.dylib
0x00007fff72f0a000 	/usr/lib/system/libmacho.dylib
0x00007fff72f10000 	/usr/lib/system/libquarantine.dylib
0x00007fff72f13000 	/usr/lib/system/libremovefile.dylib
0x00007fff72f15000 	/usr/lib/system/libsystem_asl.dylib
0x00007fff72f2d000 	/usr/lib/system/libsystem_blocks.dylib
0x00007fff72f2e000 	/usr/lib/system/libsystem_c.dylib
0x00007fff72fb6000 	/usr/lib/system/libsystem_configuration.dylib
0x00007fff72fba000 	/usr/lib/system/libsystem_coreservices.dylib
0x00007fff72fbe000 	/usr/lib/system/libsystem_darwin.dylib
0x00007fff72fc7000 	/usr/lib/system/libsystem_dnssd.dylib
0x00007fff72fcf000 	/usr/lib/system/libsystem_featureflags.dylib
0x00007fff72fd1000 	/usr/lib/system/libsystem_info.dylib
0x00007fff7304c000 	/usr/lib/system/libsystem_m.dylib
0x00007fff73094000 	/usr/lib/system/libsystem_malloc.dylib
0x00007fff730bc000 	/usr/lib/system/libsystem_networkextension.dylib
0x00007fff730ca000 	/usr/lib/system/libsystem_notify.dylib
0x00007fff730e8000 	/usr/lib/system/libsystem_sandbox.dylib
0x00007fff730ed000 	/usr/lib/system/libsystem_secinit.dylib
0x00007fff7301f000 	/usr/lib/system/libsystem_kernel.dylib
0x00007fff730d4000 	/usr/lib/system/libsystem_platform.dylib
0x00007fff730dd000 	/usr/lib/system/libsystem_pthread.dylib
0x00007fff730f0000 	/usr/lib/system/libsystem_symptoms.dylib
0x00007fff730f8000 	/usr/lib/system/libsystem_trace.dylib
0x00007fff73110000 	/usr/lib/system/libunwind.dylib
0x00007fff73116000 	/usr/lib/system/libxpc.dylib
0x00007fff701fc000 	/usr/lib/libc++abi.dylib
0x00007fff71000000 	/usr/lib/liblzma.5.dylib
0x00007fff70c7b000 	/usr/lib/libfakelink.dylib
0x00007fff6ffb5000 	/usr/lib/libarchive.2.dylib
0x00007fff467c9000 	/System/Library/Frameworks/SystemConfiguration.framework/Versions/A/SystemConfiguration
0x00007fff6f920000 	/usr/lib/libCRFSuite.dylib
0x00007fff37630000 	/System/Library/Frameworks/CFNetwork.framework/Versions/A/CFNetwork
0x00007fff7018b000 	/usr/lib/libbsm.0.dylib
0x00007fff72efc000 	/usr/lib/system/libkxld.dylib
0x00007fff4c708000 	/System/Library/PrivateFrameworks/AppleFSCompression.framework/Versions/A/AppleFSCompression
0x00007fff70516000 	/usr/lib/libcoretls.dylib
0x00007fff7052d000 	/usr/lib/libcoretls_cfhelpers.dylib
0x00007fff71d69000 	/usr/lib/libpam.2.dylib
0x00007fff71e9e000 	/usr/lib/libsqlite3.dylib
0x00007fff722dd000 	/usr/lib/libxar.1.dylib
0x00007fff7019c000 	/usr/lib/libbz2.1.0.dylib
0x00007fff70c9c000 	/usr/lib/libiconv.2.dylib
0x00007fff70212000 	/usr/lib/libcharset.1.dylib
0x00007fff71806000 	/usr/lib/libnetwork.dylib
0x00007fff71d70000 	/usr/lib/libpcap.A.dylib
0x00007fff6ff6a000 	/usr/lib/libapple_nghttp2.dylib
0x00007fff3a560000 	/System/Library/Frameworks/CoreServices.framework/Versions/A/Frameworks/FSEvents.framework/Versions/A/FSEvents
0x00007fff3a230000 	/System/Library/Frameworks/CoreServices.framework/Versions/A/Frameworks/CarbonCore.framework/Versions/A/CarbonCore
0x00007fff3a7a4000 	/System/Library/Frameworks/CoreServices.framework/Versions/A/Frameworks/Metadata.framework/Versions/A/Metadata
0x00007fff3a83d000 	/System/Library/Frameworks/CoreServices.framework/Versions/A/Frameworks/OSServices.framework/Versions/A/OSServices
0x00007fff3a86b000 	/System/Library/Frameworks/CoreServices.framework/Versions/A/Frameworks/SearchKit.framework/Versions/A/SearchKit
0x00007fff3a1aa000 	/System/Library/Frameworks/CoreServices.framework/Versions/A/Frameworks/AE.framework/Versions/A/AE
0x00007fff3a569000 	/System/Library/Frameworks/CoreServices.framework/Versions/A/Frameworks/LaunchServices.framework/Versions/A/LaunchServices
0x00007fff3a512000 	/System/Library/Frameworks/CoreServices.framework/Versions/A/Frameworks/DictionaryServices.framework/Versions/A/DictionaryServices
0x00007fff3a8d3000 	/System/Library/Frameworks/CoreServices.framework/Versions/A/Frameworks/SharedFileList.framework/Versions/A/SharedFileList
0x00007fff3f764000 	/System/Library/Frameworks/NetFS.framework/Versions/A/NetFS
0x00007fff60477000 	/System/Library/PrivateFrameworks/NetAuth.framework/Versions/A/NetAuth
0x00007fff6ce00000 	/System/Library/PrivateFrameworks/login.framework/Versions/A/Frameworks/loginsupport.framework/Versions/A/loginsupport
0x00007fff6970d000 	/System/Library/PrivateFrameworks/TCC.framework/Versions/A/TCC
0x00007fff51339000 	/System/Library/PrivateFrameworks/CoreNLP.framework/Versions/A/CoreNLP
0x00007fff5f94c000 	/System/Library/PrivateFrameworks/MetadataUtilities.framework/Versions/A/MetadataUtilities
0x00007fff710d8000 	/usr/lib/libmecabra.dylib
0x00007fff71030000 	/usr/lib/libmecab.dylib
0x00007fff70c8c000 	/usr/lib/libgermantok.dylib
0x00007fff6ff51000 	/usr/lib/libThaiTokenizer.dylib
0x00007fff6f957000 	/usr/lib/libChineseTokenizer.dylib
0x00007fff34a60000 	/System/Library/Frameworks/Accelerate.framework/Versions/A/Frameworks/vImage.framework/Versions/A/vImage
0x00007fff35eca000 	/System/Library/Frameworks/Accelerate.framework/Versions/A/Frameworks/vecLib.framework/Versions/A/vecLib
0x00007fff35e07000 	/System/Library/Frameworks/Accelerate.framework/Versions/A/Frameworks/vecLib.framework/Versions/A/libvMisc.dylib
0x00007fff35c2f000 	/System/Library/Frameworks/Accelerate.framework/Versions/A/Frameworks/vecLib.framework/Versions/A/libvDSP.dylib
0x00007fff350b7000 	/System/Library/Frameworks/Accelerate.framework/Versions/A/Frameworks/vecLib.framework/Versions/A/libBLAS.dylib
0x00007fff357f3000 	/System/Library/Frameworks/Accelerate.framework/Versions/A/Frameworks/vecLib.framework/Versions/A/libLAPACK.dylib
0x00007fff35b8f000 	/System/Library/Frameworks/Accelerate.framework/Versions/A/Frameworks/vecLib.framework/Versions/A/libLinearAlgebra.dylib
0x00007fff35c1c000 	/System/Library/Frameworks/Accelerate.framework/Versions/A/Frameworks/vecLib.framework/Versions/A/libSparseBLAS.dylib
0x00007fff35ba5000 	/System/Library/Frameworks/Accelerate.framework/Versions/A/Frameworks/vecLib.framework/Versions/A/libQuadrature.dylib
0x00007fff3531f000 	/System/Library/Frameworks/Accelerate.framework/Versions/A/Frameworks/vecLib.framework/Versions/A/libBNNS.dylib
0x00007fff35bab000 	/System/Library/Frameworks/Accelerate.framework/Versions/A/Frameworks/vecLib.framework/Versions/A/libSparse.dylib
0x00007fff5e4c0000 	/System/Library/PrivateFrameworks/LanguageModeling.framework/Versions/A/LanguageModeling
0x00007fff50ce9000 	/System/Library/PrivateFrameworks/CoreEmoji.framework/Versions/A/CoreEmoji
0x00007fff5e5de000 	/System/Library/PrivateFrameworks/LinguisticData.framework/Versions/A/LinguisticData
0x00007fff5e58f000 	/System/Library/PrivateFrameworks/Lexicon.framework/Versions/A/Lexicon
0x00007fff70213000 	/usr/lib/libcmph.dylib
0x00007fff42353000 	/System/Library/Frameworks/OpenDirectory.framework/Versions/A/Frameworks/CFOpenDirectory.framework/Versions/A/CFOpenDirectory
0x00007fff42370000 	/System/Library/Frameworks/OpenDirectory.framework/Versions/A/OpenDirectory
0x00007fff4a7b3000 	/System/Library/PrivateFrameworks/APFS.framework/Versions/A/APFS
0x00007fff45a62000 	/System/Library/Frameworks/SecurityFoundation.framework/Versions/A/SecurityFoundation
0x00007fff722d9000 	/usr/lib/libutil.dylib
0x00007fff5221e000 	/System/Library/PrivateFrameworks/CoreServicesStore.framework/Versions/A/CoreServicesStore
0x00007fff45b19000 	/System/Library/Frameworks/ServiceManagement.framework/Versions/A/ServiceManagement
0x00007fff4ded8000 	/System/Library/PrivateFrameworks/BackgroundTaskManagement.framework/Versions/A/BackgroundTaskManagement
0x00007fff723d6000 	/usr/lib/libxslt.1.dylib
0x00007fff4cd7b000 	/System/Library/PrivateFrameworks/AppleSystemInfo.framework/Versions/A/AppleSystemInfo
0x00007fff3bf08000 	/System/Library/Frameworks/ImageIO.framework/Versions/A/Resources/libJPEG.dylib
0x00007fff3c1c7000 	/System/Library/Frameworks/ImageIO.framework/Versions/A/Resources/libTIFF.dylib
0x00007fff3c1aa000 	/System/Library/Frameworks/ImageIO.framework/Versions/A/Resources/libPng.dylib
0x00007fff3be4a000 	/System/Library/Frameworks/ImageIO.framework/Versions/A/Resources/libGIF.dylib
0x00007fff3be4e000 	/System/Library/Frameworks/ImageIO.framework/Versions/A/Resources/libJP2.dylib
0x00007fff3c1c5000 	/System/Library/Frameworks/ImageIO.framework/Versions/A/Resources/libRadiance.dylib
0x00007fff70c55000 	/usr/lib/libexpat.1.dylib
0x00007fff4c863000 	/System/Library/PrivateFrameworks/AppleJPEG.framework/Versions/A/AppleJPEG
0x00007fff55534000 	/System/Library/PrivateFrameworks/FontServices.framework/libFontParser.dylib
0x00007fff6be02000 	/System/Library/PrivateFrameworks/WatchdogClient.framework/Versions/A/WatchdogClient
0x00007fff5db1b000 	/System/Library/PrivateFrameworks/IOAccelerator.framework/Versions/A/IOAccelerator
0x00007fff3e6d4000 	/System/Library/Frameworks/MetalPerformanceShaders.framework/Versions/A/MetalPerformanceShaders
0x00007fff5a2b1000 	/System/Library/PrivateFrameworks/GPUWrangler.framework/Versions/A/GPUWrangler
0x00007fff5db30000 	/System/Library/PrivateFrameworks/IOPresentment.framework/Versions/A/IOPresentment
0x00007fff52d9e000 	/System/Library/PrivateFrameworks/DSExternalDisplay.framework/Versions/A/DSExternalDisplay
0x00007fff42ce4000 	/System/Library/Frameworks/OpenGL.framework/Versions/A/Libraries/libCoreFSCache.dylib
0x00007fff3e420000 	/System/Library/Frameworks/MetalPerformanceShaders.framework/Frameworks/MPSCore.framework/Versions/A/MPSCore
0x00007fff3e45e000 	/System/Library/Frameworks/MetalPerformanceShaders.framework/Frameworks/MPSImage.framework/Versions/A/MPSImage
0x00007fff3e525000 	/System/Library/Frameworks/MetalPerformanceShaders.framework/Frameworks/MPSNeuralNetwork.framework/Versions/A/MPSNeuralNetwork
0x00007fff3e4e9000 	/System/Library/Frameworks/MetalPerformanceShaders.framework/Frameworks/MPSMatrix.framework/Versions/A/MPSMatrix
0x00007fff3e684000 	/System/Library/Frameworks/MetalPerformanceShaders.framework/Frameworks/MPSRayIntersector.framework/Versions/A/MPSRayIntersector
0x00007fff3e50f000 	/System/Library/Frameworks/MetalPerformanceShaders.framework/Frameworks/MPSNDArray.framework/Versions/A/MPSNDArray
0x00007fff5f999000 	/System/Library/PrivateFrameworks/MetalTools.framework/Versions/A/MetalTools
0x00007fff4b98d000 	/System/Library/PrivateFrameworks/AggregateDictionary.framework/Versions/A/AggregateDictionary
0x00007fff50731000 	/System/Library/PrivateFrameworks/CoreAnalytics.framework/Versions/A/CoreAnalytics
0x00007fff4cc9a000 	/System/Library/PrivateFrameworks/AppleSauce.framework/Versions/A/AppleSauce
0x00007fff6fc13000 	/usr/lib/libIOReport.dylib
0x00007fff3add4000 	/System/Library/Frameworks/CoreVideo.framework/Versions/A/CoreVideo
0x00007fff5b72a000 	/System/Library/PrivateFrameworks/GraphVisualizer.framework/Versions/A/GraphVisualizer
0x00007fff54a7a000 	/System/Library/PrivateFrameworks/FaceCore.framework/Versions/A/FaceCore
0x00007fff422fa000 	/System/Library/Frameworks/OpenCL.framework/Versions/A/OpenCL
0x00007fff6fa35000 	/usr/lib/libFosl_dynamic.dylib
0x00007fff60e97000 	/System/Library/PrivateFrameworks/OTSVG.framework/Versions/A/OTSVG
0x00007fff36f89000 	/System/Library/Frameworks/ApplicationServices.framework/Versions/A/Frameworks/ATS.framework/Versions/A/Resources/libFontRegistry.dylib
0x00007fff55705000 	/System/Library/PrivateFrameworks/FontServices.framework/libhvf.dylib
0x00007fff42cef000 	/System/Library/Frameworks/OpenGL.framework/Versions/A/Libraries/libGFXShared.dylib
0x00007fff42ecd000 	/System/Library/Frameworks/OpenGL.framework/Versions/A/Libraries/libGLU.dylib
0x00007fff42cf8000 	/System/Library/Frameworks/OpenGL.framework/Versions/A/Libraries/libGL.dylib
0x00007fff42d03000 	/System/Library/Frameworks/OpenGL.framework/Versions/A/Libraries/libGLImage.dylib
0x00007fff42ce1000 	/System/Library/Frameworks/OpenGL.framework/Versions/A/Libraries/libCVMSPluginSupport.dylib
0x00007fff42cea000 	/System/Library/Frameworks/OpenGL.framework/Versions/A/Libraries/libCoreVMClient.dylib
0x00007fff716a7000 	/usr/lib/libncurses.5.4.dylib
0x00007fff36e85000 	/System/Library/Frameworks/ApplicationServices.framework/Versions/A/Frameworks/ATS.framework/Versions/A/ATS
0x00007fff37052000 	/System/Library/Frameworks/ApplicationServices.framework/Versions/A/Frameworks/ColorSyncLegacy.framework/Versions/A/ColorSyncLegacy
0x00007fff370f0000 	/System/Library/Frameworks/ApplicationServices.framework/Versions/A/Frameworks/HIServices.framework/Versions/A/HIServices
0x00007fff37148000 	/System/Library/Frameworks/ApplicationServices.framework/Versions/A/Frameworks/LangAnalysis.framework/Versions/A/LangAnalysis
0x00007fff37157000 	/System/Library/Frameworks/ApplicationServices.framework/Versions/A/Frameworks/PrintCore.framework/Versions/A/PrintCore
0x00007fff3719d000 	/System/Library/Frameworks/ApplicationServices.framework/Versions/A/Frameworks/QD.framework/Versions/A/QD
0x00007fff371a8000 	/System/Library/Frameworks/ApplicationServices.framework/Versions/A/Frameworks/SpeechSynthesis.framework/Versions/A/SpeechSynthesis
0x00007fff37022000 	/System/Library/Frameworks/ApplicationServices.framework/Versions/A/Frameworks/ATSUI.framework/Versions/A/ATSUI
0x00007fff70aeb000 	/usr/lib/libcups.2.dylib
0x00007fff3d76f000 	/System/Library/Frameworks/Kerberos.framework/Versions/A/Kerberos
0x00007fff3b8b0000 	/System/Library/Frameworks/GSS.framework/Versions/A/GSS
0x00007fff71e2a000 	/usr/lib/libresolv.9.dylib
0x00007fff5b8d7000 	/System/Library/PrivateFrameworks/Heimdal.framework/Versions/A/Heimdal
0x00007fff3d782000 	/System/Library/Frameworks/Kerberos.framework/Versions/A/Libraries/libHeimdalProxy.dylib
0x00007fff70c92000 	/usr/lib/libheimdal-asn1.dylib
0x00007fff4fbc9000 	/System/Library/PrivateFrameworks/CommonAuth.framework/Versions/A/CommonAuth
0x00007fff4ce18000 	/System/Library/PrivateFrameworks/AssertionServices.framework/Versions/A/AssertionServices
0x00007fff4d9bb000 	/System/Library/PrivateFrameworks/AudioToolboxCore.framework/Versions/A/AudioToolboxCore
0x00007fff6cab0000 	/System/Library/PrivateFrameworks/caulk.framework/Versions/A/caulk
0x00007fff4df84000 	/System/Library/PrivateFrameworks/BaseBoard.framework/Versions/A/BaseBoard
0x00007fff650fa000 	/System/Library/PrivateFrameworks/RunningBoardServices.framework/Versions/A/RunningBoardServices
0x00007fff6210b000 	/System/Library/PrivateFrameworks/PersistentConnection.framework/Versions/A/PersistentConnection
0x00007fff64af3000 	/System/Library/PrivateFrameworks/ProtocolBuffer.framework/Versions/A/ProtocolBuffer
0x00007fff4fbed000 	/System/Library/PrivateFrameworks/CommonUtilities.framework/Versions/A/CommonUtilities
0x00007fff4e112000 	/System/Library/PrivateFrameworks/Bom.framework/Versions/A/Bom
0x00007fff6f8e6000 	/usr/lib/libAudioToolboxUtility.dylib
0x00007fff4dee2000 	/System/Library/PrivateFrameworks/Backup.framework/Versions/A/Backup
0x00007fff52cbf000 	/System/Library/PrivateFrameworks/CrashReporterSupport.framework/Versions/A/CrashReporterSupport
0x00007fff66b8c000 	/System/Library/PrivateFrameworks/Sharing.framework/Versions/A/Sharing
0x00007fff4c426000 	/System/Library/PrivateFrameworks/Apple80211.framework/Versions/A/Apple80211
0x00007fff4dbff000 	/System/Library/PrivateFrameworks/AuthKit.framework/Versions/A/AuthKit
0x00007fff529cc000 	/System/Library/PrivateFrameworks/CoreUtils.framework/Versions/A/CoreUtils
0x00007fff3ae19000 	/System/Library/Frameworks/CoreWLAN.framework/Versions/A/CoreWLAN
0x00007fff3ba3d000 	/System/Library/Frameworks/IOBluetooth.framework/Versions/A/IOBluetooth
0x00007fff5fcc6000 	/System/Library/PrivateFrameworks/MobileKeyBag.framework/Versions/A/MobileKeyBag
0x00007fff517d1000 	/System/Library/PrivateFrameworks/CorePhoneNumbers.framework/Versions/A/CorePhoneNumbers
0x00007fff4c816000 	/System/Library/PrivateFrameworks/AppleIDAuthSupport.framework/Versions/A/AppleIDAuthSupport
0x00007fff3f771000 	/System/Library/Frameworks/Network.framework/Versions/A/Network
0x00007fff5e36c000 	/System/Library/PrivateFrameworks/KeychainCircle.framework/Versions/A/KeychainCircle
0x00007fff3886a000 	/System/Library/Frameworks/CoreBluetooth.framework/Versions/A/CoreBluetooth
0x00007fff68c0b000 	/System/Library/PrivateFrameworks/SpeechRecognitionCore.framework/Versions/A/SpeechRecognitionCore
0x000000010ca00000 	/Library/Java/JavaVirtualMachines/jdk-11.0.8.jdk/Contents/Home/lib/server/libjvm.dylib
0x000000010c0ec000 	/Library/Java/JavaVirtualMachines/jdk-11.0.8.jdk/Contents/Home/lib/libverify.dylib
0x000000010c0fc000 	/Library/Java/JavaVirtualMachines/jdk-11.0.8.jdk/Contents/Home/lib/libjava.dylib
0x000000010c129000 	/Library/Java/JavaVirtualMachines/jdk-11.0.8.jdk/Contents/Home/lib/libjimage.dylib
0x000000010c17f000 	/Library/Java/JavaVirtualMachines/jdk-11.0.8.jdk/Contents/Home/lib/libzip.dylib
0x000000010c1ba000 	/Library/Java/JavaVirtualMachines/jdk-11.0.8.jdk/Contents/Home/lib/libnio.dylib
0x000000010c1cc000 	/Library/Java/JavaVirtualMachines/jdk-11.0.8.jdk/Contents/Home/lib/libnet.dylib
0x000000010c1e6000 	/Users/saadevops/Library/Application Support/Code/User/globalStorage/redhat.java/0.69.0/config_mac/org.eclipse.equinox.launcher/org.eclipse.equinox.launcher.cocoa.macosx.x86_64_1.1.1300.v20200819-0940/eclipse_11103.so
0x00007fff521ea000 	/System/Library/PrivateFrameworks/CoreServicesInternal.framework/Versions/A/CoreServicesInternal
0x00007fff3b338000 	/System/Library/Frameworks/FileProvider.framework/Versions/A/FileProvider
0x00007fff35ecb000 	/System/Library/Frameworks/Accounts.framework/Versions/A/Accounts
0x00007fff5a5d6000 	/System/Library/PrivateFrameworks/GenerationalStorage.framework/Versions/A/GenerationalStorage
0x00007fff52771000 	/System/Library/PrivateFrameworks/CoreSymbolication.framework/Versions/A/CoreSymbolication
0x00007fff6944d000 	/System/Library/PrivateFrameworks/SymptomDiagnosticReporter.framework/Versions/A/SymptomDiagnosticReporter
0x00007fff4bf2a000 	/System/Library/PrivateFrameworks/AppContainer.framework/Versions/A/AppContainer
0x00007fff71e44000 	/usr/lib/libsandbox.1.dylib
0x00007fff6ada6000 	/System/Library/PrivateFrameworks/UserManagement.framework/Versions/A/UserManagement
0x00007fff4ecce000 	/System/Library/PrivateFrameworks/ChunkingLibrary.framework/Versions/A/ChunkingLibrary
0x00007fff52ef3000 	/System/Library/PrivateFrameworks/DebugSymbols.framework/Versions/A/DebugSymbols
0x00007fff4bf9c000 	/System/Library/PrivateFrameworks/AppSandbox.framework/Versions/A/AppSandbox
0x00007fff66a16000 	/System/Library/PrivateFrameworks/SecCodeWrapper.framework/Versions/A/SecCodeWrapper
0x00007fff6fcfb000 	/usr/lib/libMatch.1.dylib
0x00007fff6bb72000 	/System/Library/PrivateFrameworks/ViewBridge.framework/Versions/A/ViewBridge
0x0000000111fe4000 	/Library/Java/JavaVirtualMachines/jdk-11.0.8.jdk/Contents/Home/lib/libsunec.dylib
0x0000000134e4a000 	/Library/Java/JavaVirtualMachines/jdk-11.0.8.jdk/Contents/Home/lib/libextnet.dylib


VM Arguments:
jvm_args: --add-modules=ALL-SYSTEM --add-opens=java.base/java.util=ALL-UNNAMED --add-opens=java.base/java.lang=ALL-UNNAMED -Declipse.application=org.eclipse.jdt.ls.core.id1 -Dosgi.bundles.defaultStartLevel=4 -Declipse.product=org.eclipse.jdt.ls.core.product -Dfile.encoding=utf8 -XX:+UseParallelGC -XX:GCTimeRatio=4 -XX:AdaptiveSizePolicyWeight=90 -Dsun.zip.disableMemoryMapping=true -Xmx1G -Xms100m -Xverify:none 
java_command: /Users/saadevops/.vscode/extensions/redhat.java-0.69.0/server/plugins/org.eclipse.equinox.launcher_1.5.800.v20200727-1323.jar -configuration /Users/saadevops/Library/Application Support/Code/User/globalStorage/redhat.java/0.69.0/config_mac -data /Users/saadevops/Library/Application Support/Code/User/workspaceStorage/a5065f54a9ad4f6be772ba072a507f5d/redhat.java/jdt_ws
java_class_path (initial): /Users/saadevops/.vscode/extensions/redhat.java-0.69.0/server/plugins/org.eclipse.equinox.launcher_1.5.800.v20200727-1323.jar
Launcher Type: SUN_STANDARD

[Global flags]
    uintx AdaptiveSizePolicyWeight                 = 90                                        {product} {command line}
     bool BytecodeVerificationLocal                = false                                     {product} {command line}
     bool BytecodeVerificationRemote               = false                                     {product} {command line}
     intx CICompilerCount                          = 3                                         {product} {ergonomic}
    uintx GCTimeRatio                              = 4                                         {product} {command line}
   size_t InitialHeapSize                          = 104857600                                 {product} {command line}
   size_t MaxHeapSize                              = 1073741824                                {product} {command line}
   size_t MaxNewSize                               = 357564416                                 {product} {ergonomic}
   size_t MinHeapDeltaBytes                        = 524288                                    {product} {ergonomic}
   size_t NewSize                                  = 34603008                                  {product} {ergonomic}
    uintx NonNMethodCodeHeapSize                   = 5830732                                {pd product} {ergonomic}
    uintx NonProfiledCodeHeapSize                  = 122913754                              {pd product} {ergonomic}
   size_t OldSize                                  = 70254592                                  {product} {ergonomic}
    uintx ProfiledCodeHeapSize                     = 122913754                              {pd product} {ergonomic}
    uintx ReservedCodeCacheSize                    = 251658240                              {pd product} {ergonomic}
     bool SegmentedCodeCache                       = true                                      {product} {ergonomic}
     bool UseCompressedClassPointers               = true                                 {lp64_product} {ergonomic}
     bool UseCompressedOops                        = true                                 {lp64_product} {ergonomic}
     bool UseParallelGC                            = true                                      {product} {command line}

Logging:
Log output configuration:
 #0: stdout all=warning uptime,level,tags
 #1: stderr all=off uptime,level,tags

Environment Variables:
PATH=/usr/local/bin:/usr/bin:/bin:/usr/sbin:/sbin:/Applications/VMware Fusion.app/Contents/Public:/Library/Apple/usr/bin
SHELL=/bin/zsh

Signal Handlers:
SIGSEGV: [libjvm.dylib+0x786954], sa_mask[0]=11111111011111110111111111111111, sa_flags=SA_ONSTACK|SA_RESTART|SA_SIGINFO
SIGBUS: [libjvm.dylib+0x786954], sa_mask[0]=11111111011111110111111111111111, sa_flags=SA_RESTART|SA_SIGINFO
SIGFPE: [libjvm.dylib+0x786954], sa_mask[0]=11111111011111110111111111111111, sa_flags=SA_RESTART|SA_SIGINFO
SIGPIPE: [libjvm.dylib+0x637ecb], sa_mask[0]=11111111011111110111111111111111, sa_flags=SA_RESTART|SA_SIGINFO
SIGXFSZ: [libjvm.dylib+0x637ecb], sa_mask[0]=11111111011111110111111111111111, sa_flags=SA_RESTART|SA_SIGINFO
SIGILL: [libjvm.dylib+0x786954], sa_mask[0]=11111111011111110111111111111111, sa_flags=SA_RESTART|SA_SIGINFO
SIGUSR2: [libjvm.dylib+0x6384b5], sa_mask[0]=00000000000000000000000000000000, sa_flags=SA_RESTART|SA_SIGINFO
SIGHUP: [libjvm.dylib+0x636f13], sa_mask[0]=11111111011111110111111111111111, sa_flags=SA_RESTART|SA_SIGINFO
SIGINT: [libjvm.dylib+0x636f13], sa_mask[0]=11111111011111110111111111111111, sa_flags=SA_RESTART|SA_SIGINFO
SIGTERM: [libjvm.dylib+0x636f13], sa_mask[0]=11111111011111110111111111111111, sa_flags=SA_RESTART|SA_SIGINFO
SIGQUIT: [libjvm.dylib+0x636f13], sa_mask[0]=11111111011111110111111111111111, sa_flags=SA_RESTART|SA_SIGINFO


---------------  S Y S T E M  ---------------

OS:uname:Darwin 19.6.0 Darwin Kernel Version 19.6.0: Mon Aug 31 22:12:52 PDT 2020; root:xnu-6153.141.2~1/RELEASE_X86_64 x86_64
rlimit: STACK 8192k, CORE 0k, NPROC 2784, NOFILE 10240, AS infinity, DATA infinity, FSIZE infinity
load average:3.22 3.16 3.16

CPU:total 4 (initial active 4) (2 cores per cpu, 2 threads per core) family 6 model 61 stepping 4, cmov, cx8, fxsr, mmx, sse, sse2, sse3, ssse3, sse4.1, sse4.2, popcnt, avx, avx2, aes, clmul, erms, 3dnowpref, lzcnt, ht, tsc, tscinvbit, bmi1, bmi2, adx, fma

Memory: 4k page, physical 16777216k(3957824k free)

vm_info: Java HotSpot(TM) 64-Bit Server VM (11.0.8+10-LTS) for bsd-amd64 JRE (11.0.8+10-LTS), built on Jun 16 2020 04:52:58 by "mach5one" with gcc 4.2.1 Compatible Apple LLVM 10.0.0 (clang-1000.11.45.5)

END.
